Mplus VERSION 8.3 (Mac)
MUTHEN & MUTHEN
04/29/2022  12:11 PM

INPUT INSTRUCTIONS

  data:file is /Users/zhengyuanrui/Desktop/社交网站/数据处理/mplusscript/ses.dat;
  variable:
  NAMES ARE SES1 SES2  SES3_r SES4 SES5_r SES6 SES7 SES8 SES9_r SES10_r;

  usevar = SES1 SES2  SES3_r SES4 SES5_r SES6 SES7 SES8 SES9_r SES10_r;

  ANALYSIS: ESTIMATOR = ML;

  MODEL:
  F BY SES1 SES2  SES3_r SES4 SES5_r SES6 SES7 SES8 SES9_r SES10_r;

  OUTPUT:standardized;
















INPUT READING TERMINATED NORMALLY




SUMMARY OF ANALYSIS

Number of groups                                                 1
Number of observations                                        1014

Number of dependent variables                                   10
Number of independent variables                                  0
Number of continuous latent variables                            1

Observed dependent variables

  Continuous
   SES1        SES2        SES3_R      SES4        SES5_R      SES6
   SES7        SES8        SES9_R      SES10_R

Continuous latent variables
   F


Estimator                                                       ML
Information matrix                                        OBSERVED
Maximum number of iterations                                  1000
Convergence criterion                                    0.500D-04
Maximum number of steepest descent iterations                   20

Input data file(s)
  /Users/zhengyuanrui/Desktop/社交网站/数据处理/mplusscript/ses.dat

Input data format  FREE



UNIVARIATE SAMPLE STATISTICS


     UNIVARIATE HIGHER-ORDER MOMENT DESCRIPTIVE STATISTICS

         Variable/         Mean/     Skewness/   Minimum/ % with                Percentiles
        Sample Size      Variance    Kurtosis    Maximum  Min/Max      20%/60%    40%/80%    Median

     SES1                  3.054      -0.455       1.000    2.17%       3.000      3.000      3.000
            1014.000       0.489       0.250       4.000   25.15%       3.000      4.000
     SES2                  2.997      -0.371       1.000    2.47%       2.000      3.000      3.000
            1014.000       0.537      -0.121       4.000   24.26%       3.000      4.000
     SES3_R                2.873      -0.396       1.000    7.00%       2.000      3.000      3.000
            1014.000       0.752      -0.518       4.000   25.05%       3.000      4.000
     SES4                  3.040      -0.586       1.000    2.86%       3.000      3.000      3.000
            1014.000       0.469       0.820       4.000   22.68%       3.000      4.000
     SES5_R                2.726      -0.215       1.000    9.47%       2.000      3.000      3.000
            1014.000       0.808      -0.739       4.000   21.01%       3.000      4.000
     SES6                  3.023      -0.416       1.000    1.97%       3.000      3.000      3.000
            1014.000       0.452       0.421       4.000   21.79%       3.000      4.000
     SES7                  2.945      -0.283       1.000    2.07%       2.000      3.000      3.000
            1014.000       0.492      -0.055       4.000   19.92%       3.000      3.000
     SES8                  2.755      -0.456       1.000   12.82%       2.000      3.000      3.000
            1014.000       0.863      -0.598       4.000   21.10%       3.000      4.000
     SES9_R                2.531       0.125       1.000   10.85%       2.000      2.000      2.000
            1014.000       0.784      -0.746       4.000   15.88%       3.000      3.000
     SES10_R               2.613       0.026       1.000    9.66%       2.000      2.000      3.000
            1014.000       0.799      -0.812       4.000   18.44%       3.000      3.000


THE MODEL ESTIMATION TERMINATED NORMALLY



MODEL FIT INFORMATION

Number of Free Parameters                       30

Loglikelihood

          H0 Value                      -10641.543
          H1 Value                       -9537.477

Information Criteria

          Akaike (AIC)                   21343.087
          Bayesian (BIC)                 21490.736
          Sample-Size Adjusted BIC       21395.454
            (n* = (n + 2) / 24)

Chi-Square Test of Model Fit

          Value                           2208.133
          Degrees of Freedom                    35
          P-Value                           0.0000

RMSEA (Root Mean Square Error Of Approximation)

          Estimate                           0.247
          90 Percent C.I.                    0.239  0.256
          Probability RMSEA <= .05           0.000

CFI/TLI

          CFI                                0.555
          TLI                                0.428

Chi-Square Test of Model Fit for the Baseline Model

          Value                           4926.113
          Degrees of Freedom                    45
          P-Value                           0.0000

SRMR (Standardized Root Mean Square Residual)

          Value                              0.187



MODEL RESULTS

                                                    Two-Tailed
                    Estimate       S.E.  Est./S.E.    P-Value

 F        BY
    SES1               1.000      0.000    999.000    999.000
    SES2               1.177      0.047     24.907      0.000
    SES3_R             0.409      0.058      7.062      0.000
    SES4               0.991      0.045     22.230      0.000
    SES5_R             0.364      0.060      6.066      0.000
    SES6               1.098      0.045     24.173      0.000
    SES7               1.093      0.047     23.323      0.000
    SES8               0.133      0.061      2.158      0.031
    SES9_R             0.359      0.059      6.045      0.000
    SES10_R            0.363      0.060      6.070      0.000

 Intercepts
    SES1               3.054      0.022    139.057      0.000
    SES2               2.997      0.023    130.178      0.000
    SES3_R             2.873      0.027    105.486      0.000
    SES4               3.040      0.022    141.407      0.000
    SES5_R             2.726      0.028     96.536      0.000
    SES6               3.023      0.021    143.143      0.000
    SES7               2.945      0.022    133.684      0.000
    SES8               2.755      0.029     94.436      0.000
    SES9_R             2.531      0.028     91.032      0.000
    SES10_R            2.613      0.028     93.085      0.000

 Variances
    F                  0.256      0.020     12.716      0.000

 Residual Variances
    SES1               0.233      0.012     19.192      0.000
    SES2               0.183      0.011     16.613      0.000
    SES3_R             0.709      0.032     22.312      0.000
    SES4               0.217      0.011     19.178      0.000
    SES5_R             0.775      0.035     22.368      0.000
    SES6               0.144      0.009     16.006      0.000
    SES7               0.186      0.011     17.625      0.000
    SES8               0.859      0.038     22.501      0.000
    SES9_R             0.751      0.034     22.364      0.000
    SES10_R            0.765      0.034     22.362      0.000


STANDARDIZED MODEL RESULTS


STDYX Standardization

                                                    Two-Tailed
                    Estimate       S.E.  Est./S.E.    P-Value

 F        BY
    SES1               0.723      0.017     41.421      0.000
    SES2               0.812      0.014     59.367      0.000
    SES3_R             0.239      0.032      7.479      0.000
    SES4               0.732      0.017     43.253      0.000
    SES5_R             0.205      0.032      6.328      0.000
    SES6               0.826      0.013     63.102      0.000
    SES7               0.788      0.015     54.045      0.000
    SES8               0.072      0.033      2.169      0.030
    SES9_R             0.205      0.032      6.316      0.000
    SES10_R            0.206      0.032      6.335      0.000

 Intercepts
    SES1               4.367      0.102     42.843      0.000
    SES2               4.088      0.096     42.559      0.000
    SES3_R             3.313      0.080     41.417      0.000
    SES4               4.441      0.103     42.910      0.000
    SES5_R             3.032      0.074     40.811      0.000
    SES6               4.495      0.105     42.958      0.000
    SES7               4.198      0.098     42.677      0.000
    SES8               2.966      0.073     40.648      0.000
    SES9_R             2.859      0.071     40.364      0.000
    SES10_R            2.923      0.072     40.538      0.000

 Variances
    F                  1.000      0.000    999.000    999.000

 Residual Variances
    SES1               0.477      0.025     18.877      0.000
    SES2               0.341      0.022     15.336      0.000
    SES3_R             0.943      0.015     61.893      0.000
    SES4               0.464      0.025     18.690      0.000
    SES5_R             0.958      0.013     72.204      0.000
    SES6               0.318      0.022     14.710      0.000
    SES7               0.378      0.023     16.442      0.000
    SES8               0.995      0.005    207.148      0.000
    SES9_R             0.958      0.013     72.029      0.000
    SES10_R            0.958      0.013     71.769      0.000


STDY Standardization

                                                    Two-Tailed
                    Estimate       S.E.  Est./S.E.    P-Value

 F        BY
    SES1               0.723      0.017     41.421      0.000
    SES2               0.812      0.014     59.367      0.000
    SES3_R             0.239      0.032      7.479      0.000
    SES4               0.732      0.017     43.253      0.000
    SES5_R             0.205      0.032      6.328      0.000
    SES6               0.826      0.013     63.102      0.000
    SES7               0.788      0.015     54.045      0.000
    SES8               0.072      0.033      2.169      0.030
    SES9_R             0.205      0.032      6.316      0.000
    SES10_R            0.206      0.032      6.335      0.000

 Intercepts
    SES1               4.367      0.102     42.843      0.000
    SES2               4.088      0.096     42.559      0.000
    SES3_R             3.313      0.080     41.417      0.000
    SES4               4.441      0.103     42.910      0.000
    SES5_R             3.032      0.074     40.811      0.000
    SES6               4.495      0.105     42.958      0.000
    SES7               4.198      0.098     42.677      0.000
    SES8               2.966      0.073     40.648      0.000
    SES9_R             2.859      0.071     40.364      0.000
    SES10_R            2.923      0.072     40.538      0.000

 Variances
    F                  1.000      0.000    999.000    999.000

 Residual Variances
    SES1               0.477      0.025     18.877      0.000
    SES2               0.341      0.022     15.336      0.000
    SES3_R             0.943      0.015     61.893      0.000
    SES4               0.464      0.025     18.690      0.000
    SES5_R             0.958      0.013     72.204      0.000
    SES6               0.318      0.022     14.710      0.000
    SES7               0.378      0.023     16.442      0.000
    SES8               0.995      0.005    207.148      0.000
    SES9_R             0.958      0.013     72.029      0.000
    SES10_R            0.958      0.013     71.769      0.000


STD Standardization

                                                    Two-Tailed
                    Estimate       S.E.  Est./S.E.    P-Value

 F        BY
    SES1               0.506      0.020     25.431      0.000
    SES2               0.595      0.020     29.978      0.000
    SES3_R             0.207      0.029      7.198      0.000
    SES4               0.501      0.019     25.952      0.000
    SES5_R             0.184      0.030      6.153      0.000
    SES6               0.555      0.018     30.746      0.000
    SES7               0.553      0.019     28.766      0.000
    SES8               0.067      0.031      2.161      0.031
    SES9_R             0.181      0.030      6.142      0.000
    SES10_R            0.184      0.030      6.160      0.000

 Intercepts
    SES1               3.054      0.022    139.057      0.000
    SES2               2.997      0.023    130.178      0.000
    SES3_R             2.873      0.027    105.486      0.000
    SES4               3.040      0.022    141.407      0.000
    SES5_R             2.726      0.028     96.536      0.000
    SES6               3.023      0.021    143.143      0.000
    SES7               2.945      0.022    133.684      0.000
    SES8               2.755      0.029     94.436      0.000
    SES9_R             2.531      0.028     91.032      0.000
    SES10_R            2.613      0.028     93.085      0.000

 Variances
    F                  1.000      0.000    999.000    999.000

 Residual Variances
    SES1               0.233      0.012     19.192      0.000
    SES2               0.183      0.011     16.613      0.000
    SES3_R             0.709      0.032     22.312      0.000
    SES4               0.217      0.011     19.178      0.000
    SES5_R             0.775      0.035     22.368      0.000
    SES6               0.144      0.009     16.006      0.000
    SES7               0.186      0.011     17.625      0.000
    SES8               0.859      0.038     22.501      0.000
    SES9_R             0.751      0.034     22.364      0.000
    SES10_R            0.765      0.034     22.362      0.000


R-SQUARE

    Observed                                        Two-Tailed
    Variable        Estimate       S.E.  Est./S.E.    P-Value

    SES1               0.523      0.025     20.710      0.000
    SES2               0.659      0.022     29.684      0.000
    SES3_R             0.057      0.015      3.740      0.000
    SES4               0.536      0.025     21.627      0.000
    SES5_R             0.042      0.013      3.164      0.002
    SES6               0.682      0.022     31.551      0.000
    SES7               0.622      0.023     27.022      0.000
    SES8               0.005      0.005      1.084      0.278
    SES9_R             0.042      0.013      3.158      0.002
    SES10_R            0.042      0.013      3.167      0.002


QUALITY OF NUMERICAL RESULTS

     Condition Number for the Information Matrix              0.877E-02
       (ratio of smallest to largest eigenvalue)


     Beginning Time:  12:11:58
        Ending Time:  12:11:58
       Elapsed Time:  00:00:00



MUTHEN & MUTHEN
3463 Stoner Ave.
Los Angeles, CA  90066

Tel: (310) 391-9971
Fax: (310) 391-8971
Web: www.StatModel.com
Support: Support@StatModel.com

Copyright (c) 1998-2019 Muthen & Muthen
