This is XeTeX, Version 3.141592653-2.6-0.999993 (TeX Live 2021) (preloaded format=xelatex 2021.10.22)  1 MAY 2022 12:48
entering extended mode
 restricted \write18 enabled.
 %&-line parsing enabled.
**分析报告.tex
(./分析报告.tex
LaTeX2e <2020-10-01> patch level 4
L3 programming layer <2021-02-18> (/usr/local/texlive/2021/texmf-dist/tex/latex
/ctex/ctexart.cls (/usr/local/texlive/2021/texmf-dist/tex/latex/ctex/config/cte
xbackend.cfg
File: ctexbackend.cfg 2021/03/14 v2.5.6 Backend configuration file (CTEX)
) (/usr/local/texlive/2021/texmf-dist/tex/latex/l3kernel/expl3.sty
Package: expl3 2021-02-18 L3 programming layer (loader) 
(/usr/local/texlive/2021/texmf-dist/tex/latex/l3backend/l3backend-xetex.def
File: l3backend-xetex.def 2021-03-18 L3 backend support: XeTeX
(|extractbb --version)
\c__kernel_sys_dvipdfmx_version_int=\count175
\l__color_backend_stack_int=\count176
\g__color_backend_stack_int=\count177
\g__graphics_track_int=\count178
\l__pdf_internal_box=\box47
\g__pdf_backend_object_int=\count179
\g__pdf_backend_annotation_int=\count180
\g__pdf_backend_link_int=\count181
))
Document Class: ctexart 2021/03/14 v2.5.6 Chinese adapter for class article (CT
EX)
(/usr/local/texlive/2021/texmf-dist/tex/latex/l3packages/xparse/xparse.sty
(/usr/local/texlive/2021/texmf-dist/tex/latex/l3packages/xparse/xparse-2020-10-
01.sty
(/usr/local/texlive/2021/texmf-dist/tex/latex/l3packages/xparse/xparse-generic.
tex))) (/usr/local/texlive/2021/texmf-dist/tex/latex/l3packages/l3keys2e/l3keys
2e.sty
Package: l3keys2e 2021-03-12 LaTeX2e option processing using LaTeX3 keys
) (/usr/local/texlive/2021/texmf-dist/tex/latex/ctex/ctexhook.sty
Package: ctexhook 2021/03/14 v2.5.6 Document and package hooks (CTEX)
) (/usr/local/texlive/2021/texmf-dist/tex/latex/ctex/ctexpatch.sty
Package: ctexpatch 2021/03/14 v2.5.6 Patching commands (CTEX)
) (/usr/local/texlive/2021/texmf-dist/tex/latex/base/fix-cm.sty
Package: fix-cm 2015/01/14 v1.1t fixes to LaTeX
(/usr/local/texlive/2021/texmf-dist/tex/latex/base/ts1enc.def
File: ts1enc.def 2001/06/05 v3.0e (jk/car/fm) Standard LaTeX file
LaTeX Font Info:    Redeclaring font encoding TS1 on input line 47.
)) (/usr/local/texlive/2021/texmf-dist/tex/latex/everysel/everysel.sty
Package: everysel 2021/01/20 v2.1 EverySelectfont Package (MS)
(/usr/local/texlive/2021/texmf-dist/tex/latex/everysel/everysel-2011-10-28.sty)
)
\l__ctex_tmp_int=\count182
\l__ctex_tmp_box=\box48
\l__ctex_tmp_dim=\dimen138
\g__ctex_section_depth_int=\count183
\g__ctex_font_size_int=\count184
(/usr/local/texlive/2021/texmf-dist/tex/latex/ctex/config/ctexopts.cfg
File: ctexopts.cfg 2021/03/14 v2.5.6 Option configuration file (CTEX)
) (/usr/local/texlive/2021/texmf-dist/tex/latex/base/article.cls
Document Class: article 2020/04/10 v1.4m Standard LaTeX document class
(/usr/local/texlive/2021/texmf-dist/tex/latex/base/size10.clo
File: size10.clo 2020/04/10 v1.4m Standard LaTeX file (size option)
)
\c@part=\count185
\c@section=\count186
\c@subsection=\count187
\c@subsubsection=\count188
\c@paragraph=\count189
\c@subparagraph=\count190
\c@figure=\count191
\c@table=\count192
\abovecaptionskip=\skip47
\belowcaptionskip=\skip48
\bibindent=\dimen139
)
(/usr/local/texlive/2021/texmf-dist/tex/latex/ctex/engine/ctex-engine-xetex.def
File: ctex-engine-xetex.def 2021/03/14 v2.5.6 XeLaTeX adapter (CTEX)
(/usr/local/texlive/2021/texmf-dist/tex/xelatex/xecjk/xeCJK.sty
Package: xeCJK 2020/10/19 v3.8.6 Typesetting CJK scripts with XeLaTeX

(/usr/local/texlive/2021/texmf-dist/tex/latex/l3packages/xtemplate/xtemplate.st
y
Package: xtemplate 2021-03-12 L3 Experimental prototype document functions
\l__xtemplate_tmp_dim=\dimen140
\l__xtemplate_tmp_int=\count193
\l__xtemplate_tmp_muskip=\muskip16
\l__xtemplate_tmp_skip=\skip49
)
\l__xeCJK_tmp_int=\count194
\l__xeCJK_tmp_box=\box49
\l__xeCJK_tmp_dim=\dimen141
\l__xeCJK_tmp_skip=\skip50
\g__xeCJK_space_factor_int=\count195
\l__xeCJK_begin_int=\count196
\l__xeCJK_end_int=\count197
\c__xeCJK_CJK_class_int=\XeTeXcharclass1
\c__xeCJK_FullLeft_class_int=\XeTeXcharclass2
\c__xeCJK_FullRight_class_int=\XeTeXcharclass3
\c__xeCJK_HalfLeft_class_int=\XeTeXcharclass4
\c__xeCJK_HalfRight_class_int=\XeTeXcharclass5
\c__xeCJK_NormalSpace_class_int=\XeTeXcharclass6
\c__xeCJK_CM_class_int=\XeTeXcharclass7
\c__xeCJK_HangulJamo_class_int=\XeTeXcharclass8
\l__xeCJK_last_skip=\skip51
\g__xeCJK_node_int=\count198
\c__xeCJK_CJK_node_dim=\dimen142
\c__xeCJK_CJK-space_node_dim=\dimen143
\c__xeCJK_default_node_dim=\dimen144
\c__xeCJK_default-space_node_dim=\dimen145
\c__xeCJK_CJK-widow_node_dim=\dimen146
\c__xeCJK_normalspace_node_dim=\dimen147
\l__xeCJK_ccglue_skip=\skip52
\l__xeCJK_ecglue_skip=\skip53
\l__xeCJK_punct_kern_skip=\skip54
\l__xeCJK_last_penalty_int=\count199
\l__xeCJK_last_bound_dim=\dimen148
\l__xeCJK_last_kern_dim=\dimen149
\l__xeCJK_widow_penalty_int=\count266

Package xtemplate Info: Declaring object type 'xeCJK/punctuation' taking 0
(xtemplate)             argument(s) on line 2341.

\l__xeCJK_fixed_punct_width_dim=\dimen150
\l__xeCJK_mixed_punct_width_dim=\dimen151
\l__xeCJK_middle_punct_width_dim=\dimen152
\l__xeCJK_fixed_margin_width_dim=\dimen153
\l__xeCJK_mixed_margin_width_dim=\dimen154
\l__xeCJK_middle_margin_width_dim=\dimen155
\l__xeCJK_bound_punct_width_dim=\dimen156
\l__xeCJK_bound_margin_width_dim=\dimen157
\l__xeCJK_margin_minimum_dim=\dimen158
\l__xeCJK_kerning_total_width_dim=\dimen159
\l__xeCJK_same_align_margin_dim=\dimen160
\l__xeCJK_different_align_margin_dim=\dimen161
\l__xeCJK_kerning_margin_width_dim=\dimen162
\l__xeCJK_kerning_margin_minimum_dim=\dimen163
\l__xeCJK_bound_dim=\dimen164
\l__xeCJK_reverse_bound_dim=\dimen165
\l__xeCJK_margin_dim=\dimen166
\l__xeCJK_minimum_bound_dim=\dimen167
\l__xeCJK_kerning_margin_dim=\dimen168
\g__xeCJK_family_int=\count267
\l__xeCJK_fam_int=\count268
\g__xeCJK_fam_allocation_int=\count269
\l__xeCJK_verb_case_int=\count270
\l__xeCJK_verb_exspace_skip=\skip55
(/usr/local/texlive/2021/texmf-dist/tex/latex/fontspec/fontspec.sty
Package: fontspec 2020/02/21 v2.7i Font selection for XeLaTeX and LuaLaTeX
(/usr/local/texlive/2021/texmf-dist/tex/latex/fontspec/fontspec-xetex.sty
Package: fontspec-xetex 2020/02/21 v2.7i Font selection for XeLaTeX and LuaLaTe
X
\l__fontspec_script_int=\count271
\l__fontspec_language_int=\count272
\l__fontspec_strnum_int=\count273
\l__fontspec_tmp_int=\count274
\l__fontspec_tmpa_int=\count275
\l__fontspec_tmpb_int=\count276
\l__fontspec_tmpc_int=\count277
\l__fontspec_em_int=\count278
\l__fontspec_emdef_int=\count279
\l__fontspec_strong_int=\count280
\l__fontspec_strongdef_int=\count281
\l__fontspec_tmpa_dim=\dimen169
\l__fontspec_tmpb_dim=\dimen170
\l__fontspec_tmpc_dim=\dimen171
(/usr/local/texlive/2021/texmf-dist/tex/latex/base/fontenc.sty
Package: fontenc 2020/08/10 v2.0s Standard LaTeX package
) (/usr/local/texlive/2021/texmf-dist/tex/latex/fontspec/fontspec.cfg))) (/usr/
local/texlive/2021/texmf-dist/tex/xelatex/xecjk/xeCJK.cfg
File: xeCJK.cfg 2020/10/19 v3.8.6 Configuration file for xeCJK package
))
\ccwd=\dimen172
\l__ctex_ccglue_skip=\skip56
)
\l__ctex_ziju_dim=\dimen173
(/usr/local/texlive/2021/texmf-dist/tex/latex/zhnumber/zhnumber.sty
Package: zhnumber 2020/05/01 v2.8 Typesetting numbers with Chinese glyphs
\l__zhnum_scale_int=\count282
(/usr/local/texlive/2021/texmf-dist/tex/latex/zhnumber/zhnumber-utf8.cfg
File: zhnumber-utf8.cfg 2020/05/01 v2.8 Chinese numerals with UTF8 encoding
))
\l__ctex_heading_skip=\skip57

(/usr/local/texlive/2021/texmf-dist/tex/latex/ctex/scheme/ctex-scheme-chinese-a
rticle.def
File: ctex-scheme-chinese-article.def 2021/03/14 v2.5.6 Chinese scheme for arti
cle (CTEX)
(/usr/local/texlive/2021/texmf-dist/tex/latex/ctex/config/ctex-name-utf8.cfg
File: ctex-name-utf8.cfg 2021/03/14 v2.5.6 Caption with encoding UTF-8 (CTEX)
)) (/usr/local/texlive/2021/texmf-dist/tex/latex/ctex/ctex-c5size.clo
File: ctex-c5size.clo 2021/03/14 v2.5.6 c5size option (CTEX)
)
(/usr/local/texlive/2021/texmf-dist/tex/latex/ctex/fontset/ctex-fontset-mac.def
File: ctex-fontset-mac.def 2021/03/14 v2.5.6 macOS fonts definition (CTEX)

(/usr/local/texlive/2021/texmf-dist/tex/latex/ctex/fontset/ctex-fontset-macnew.
def
File: ctex-fontset-macnew.def 2021/03/14 v2.5.6 macOS fonts definition for El C
apitan or later version (CTEX)

Package fontspec Warning: Font "Songti SC Light" does not contain requested
(fontspec)                Script "CJK".


Package fontspec Info: Font family 'SongtiSCLight(0)' created for font 'Songti
(fontspec)             SC Light' with options
(fontspec)             [Script={CJK},BoldItalicFont={Kaiti SC
(fontspec)             Bold},BoldFont={Songti SC Bold},ItalicFont={Kaiti SC}].
(fontspec)              
(fontspec)              This font family consists of the following NFSS
(fontspec)             series/shapes:
(fontspec)              
(fontspec)             - 'normal' (m/n) with NFSS spec.: <->"Songti SC
(fontspec)             Light/OT:language=dflt;"
(fontspec)             - 'small caps'  (m/sc) with NFSS spec.: 
(fontspec)             - 'bold' (b/n) with NFSS spec.: <->"Songti SC
(fontspec)             Bold/OT:language=dflt;"
(fontspec)             - 'bold small caps'  (b/sc) with NFSS spec.: 
(fontspec)             - 'italic' (m/it) with NFSS spec.: <->"Kaiti
(fontspec)             SC/OT:language=dflt;"
(fontspec)             - 'italic small caps'  (m/scit) with NFSS spec.: 
(fontspec)             - 'bold italic' (b/it) with NFSS spec.: <->"Kaiti SC
(fontspec)             Bold/OT:language=dflt;"
(fontspec)             - 'bold italic small caps'  (b/scit) with NFSS spec.: 

))) (/usr/local/texlive/2021/texmf-dist/tex/latex/ctex/config/ctex.cfg
File: ctex.cfg 2021/03/14 v2.5.6 Configuration file (CTEX)
) (/usr/local/texlive/2021/texmf-dist/tex/latex/amsmath/amsmath.sty
Package: amsmath 2020/09/23 v2.17i AMS math features
\@mathmargin=\skip58
For additional information on amsmath, use the `?' option.
(/usr/local/texlive/2021/texmf-dist/tex/latex/amsmath/amstext.sty
Package: amstext 2000/06/29 v2.01 AMS text
(/usr/local/texlive/2021/texmf-dist/tex/latex/amsmath/amsgen.sty
File: amsgen.sty 1999/11/30 v2.0 generic functions
\@emptytoks=\toks15
\ex@=\dimen174
)) (/usr/local/texlive/2021/texmf-dist/tex/latex/amsmath/amsbsy.sty
Package: amsbsy 1999/11/29 v1.2d Bold Symbols
\pmbraise@=\dimen175
) (/usr/local/texlive/2021/texmf-dist/tex/latex/amsmath/amsopn.sty
Package: amsopn 2016/03/08 v2.02 operator names
)
\inf@bad=\count283
LaTeX Info: Redefining \frac on input line 234.
\uproot@=\count284
\leftroot@=\count285
LaTeX Info: Redefining \overline on input line 399.
\classnum@=\count286
\DOTSCASE@=\count287
LaTeX Info: Redefining \ldots on input line 496.
LaTeX Info: Redefining \dots on input line 499.
LaTeX Info: Redefining \cdots on input line 620.
\Mathstrutbox@=\box50
\strutbox@=\box51
\big@size=\dimen176
LaTeX Font Info:    Redeclaring font encoding OML on input line 743.
LaTeX Font Info:    Redeclaring font encoding OMS on input line 744.
\macc@depth=\count288
\c@MaxMatrixCols=\count289
\dotsspace@=\muskip17
\c@parentequation=\count290
\dspbrk@lvl=\count291
\tag@help=\toks16
\row@=\count292
\column@=\count293
\maxfields@=\count294
\andhelp@=\toks17
\eqnshift@=\dimen177
\alignsep@=\dimen178
\tagshift@=\dimen179
\tagwidth@=\dimen180
\totwidth@=\dimen181
\lineht@=\dimen182
\@envbody=\toks18
\multlinegap=\skip59
\multlinetaggap=\skip60
\mathdisplay@stack=\toks19
LaTeX Info: Redefining \[ on input line 2923.
LaTeX Info: Redefining \] on input line 2924.
) (/usr/local/texlive/2021/texmf-dist/tex/latex/amsfonts/amssymb.sty
Package: amssymb 2013/01/14 v3.01 AMS font symbols
(/usr/local/texlive/2021/texmf-dist/tex/latex/amsfonts/amsfonts.sty
Package: amsfonts 2013/01/14 v3.01 Basic AMSFonts support
\symAMSa=\mathgroup4
\symAMSb=\mathgroup5
LaTeX Font Info:    Redeclaring math symbol \hbar on input line 98.
LaTeX Font Info:    Overwriting math alphabet `\mathfrak' in version `bold'
(Font)                  U/euf/m/n --> U/euf/b/n on input line 106.
)) (/usr/local/texlive/2021/texmf-dist/tex/latex/lm/lmodern.sty
Package: lmodern 2015/05/01 v1.6.1 Latin Modern Fonts
LaTeX Font Info:    Overwriting symbol font `operators' in version `normal'
(Font)                  OT1/cmr/m/n --> OT1/lmr/m/n on input line 22.
LaTeX Font Info:    Overwriting symbol font `letters' in version `normal'
(Font)                  OML/cmm/m/it --> OML/lmm/m/it on input line 23.
LaTeX Font Info:    Overwriting symbol font `symbols' in version `normal'
(Font)                  OMS/cmsy/m/n --> OMS/lmsy/m/n on input line 24.
LaTeX Font Info:    Overwriting symbol font `largesymbols' in version `normal'
(Font)                  OMX/cmex/m/n --> OMX/lmex/m/n on input line 25.
LaTeX Font Info:    Overwriting symbol font `operators' in version `bold'
(Font)                  OT1/cmr/bx/n --> OT1/lmr/bx/n on input line 26.
LaTeX Font Info:    Overwriting symbol font `letters' in version `bold'
(Font)                  OML/cmm/b/it --> OML/lmm/b/it on input line 27.
LaTeX Font Info:    Overwriting symbol font `symbols' in version `bold'
(Font)                  OMS/cmsy/b/n --> OMS/lmsy/b/n on input line 28.
LaTeX Font Info:    Overwriting symbol font `largesymbols' in version `bold'
(Font)                  OMX/cmex/m/n --> OMX/lmex/m/n on input line 29.
LaTeX Font Info:    Overwriting math alphabet `\mathbf' in version `normal'
(Font)                  OT1/cmr/bx/n --> OT1/lmr/bx/n on input line 31.
LaTeX Font Info:    Overwriting math alphabet `\mathsf' in version `normal'
(Font)                  OT1/cmss/m/n --> OT1/lmss/m/n on input line 32.
LaTeX Font Info:    Overwriting math alphabet `\mathit' in version `normal'
(Font)                  OT1/cmr/m/it --> OT1/lmr/m/it on input line 33.
LaTeX Font Info:    Overwriting math alphabet `\mathtt' in version `normal'
(Font)                  OT1/cmtt/m/n --> OT1/lmtt/m/n on input line 34.
LaTeX Font Info:    Overwriting math alphabet `\mathbf' in version `bold'
(Font)                  OT1/cmr/bx/n --> OT1/lmr/bx/n on input line 35.
LaTeX Font Info:    Overwriting math alphabet `\mathsf' in version `bold'
(Font)                  OT1/cmss/bx/n --> OT1/lmss/bx/n on input line 36.
LaTeX Font Info:    Overwriting math alphabet `\mathit' in version `bold'
(Font)                  OT1/cmr/bx/it --> OT1/lmr/bx/it on input line 37.
LaTeX Font Info:    Overwriting math alphabet `\mathtt' in version `bold'
(Font)                  OT1/cmtt/m/n --> OT1/lmtt/m/n on input line 38.
) (/usr/local/texlive/2021/texmf-dist/tex/generic/iftex/iftex.sty
Package: iftex 2020/03/06 v1.0d TeX engine tests
) (/usr/local/texlive/2021/texmf-dist/tex/latex/unicode-math/unicode-math.sty
Package: unicode-math 2020/01/31 v0.8q Unicode maths in XeLaTeX and LuaLaTeX

(/usr/local/texlive/2021/texmf-dist/tex/latex/unicode-math/unicode-math-xetex.s
ty
Package: unicode-math-xetex 2020/01/31 v0.8q Unicode maths in XeLaTeX and LuaLa
TeX
\g__um_fam_int=\count295
\g__um_fonts_used_int=\count296
\l__um_primecount_int=\count297
\g__um_primekern_muskip=\muskip18

(/usr/local/texlive/2021/texmf-dist/tex/latex/unicode-math/unicode-math-table.t
ex))) (/usr/local/texlive/2021/texmf-dist/tex/latex/upquote/upquote.sty
Package: upquote 2012/04/19 v1.3 upright-quote and grave-accent glyphs in verba
tim
(/usr/local/texlive/2021/texmf-dist/tex/latex/base/textcomp.sty
Package: textcomp 2020/02/02 v2.0n Standard LaTeX package
)) (/usr/local/texlive/2021/texmf-dist/tex/latex/microtype/microtype.sty
Package: microtype 2021/03/14 v2.8c Micro-typographical refinements (RS)
(/usr/local/texlive/2021/texmf-dist/tex/latex/graphics/keyval.sty
Package: keyval 2014/10/28 v1.15 key=value parser (DPC)
\KV@toks@=\toks20
)
\MT@toks=\toks21
\MT@count=\count298
LaTeX Info: Redefining \textls on input line 790.
\MT@outer@kern=\dimen183
LaTeX Info: Redefining \textmicrotypecontext on input line 1374.
\MT@listname@count=\count299
(/usr/local/texlive/2021/texmf-dist/tex/latex/microtype/microtype-xetex.def
File: microtype-xetex.def 2021/03/14 v2.8c Definitions specific to xetex (RS)
LaTeX Info: Redefining \lsstyle on input line 254.
)
Package microtype Info: Loading configuration file microtype.cfg.
(/usr/local/texlive/2021/texmf-dist/tex/latex/microtype/microtype.cfg
File: microtype.cfg 2021/03/14 v2.8c microtype main configuration file (RS)
)) (/usr/local/texlive/2021/texmf-dist/tex/latex/parskip/parskip.sty
Package: parskip 2021-03-14 v2.0h non-zero parskip adjustments
(/usr/local/texlive/2021/texmf-dist/tex/latex/kvoptions/kvoptions.sty
Package: kvoptions 2020-10-07 v3.14 Key value format for package options (HO)
(/usr/local/texlive/2021/texmf-dist/tex/generic/ltxcmds/ltxcmds.sty
Package: ltxcmds 2020-05-10 v1.25 LaTeX kernel commands for general use (HO)
) (/usr/local/texlive/2021/texmf-dist/tex/generic/kvsetkeys/kvsetkeys.sty
Package: kvsetkeys 2019/12/15 v1.18 Key value parser (HO)
)) (/usr/local/texlive/2021/texmf-dist/tex/latex/etoolbox/etoolbox.sty
Package: etoolbox 2020/10/05 v2.5k e-TeX tools for LaTeX (JAW)
\etb@tempcnta=\count300
)
Couldn't patch \@startsection
Couldn't patch \@xsect
) (/usr/local/texlive/2021/texmf-dist/tex/latex/xcolor/xcolor.sty
Package: xcolor 2016/05/11 v2.12 LaTeX color extensions (UK)
(/usr/local/texlive/2021/texmf-dist/tex/latex/graphics-cfg/color.cfg
File: color.cfg 2016/01/02 v1.6 sample color configuration
)
Package xcolor Info: Driver file: xetex.def on input line 225.
(/usr/local/texlive/2021/texmf-dist/tex/latex/graphics-def/xetex.def
File: xetex.def 2021/03/18 v5.0k Graphics/color driver for xetex
)
Package xcolor Info: Model `cmy' substituted by `cmy0' on input line 1348.
Package xcolor Info: Model `RGB' extended on input line 1364.
Package xcolor Info: Model `HTML' substituted by `rgb' on input line 1366.
Package xcolor Info: Model `Hsb' substituted by `hsb' on input line 1367.
Package xcolor Info: Model `tHsb' substituted by `hsb' on input line 1368.
Package xcolor Info: Model `HSB' substituted by `hsb' on input line 1369.
Package xcolor Info: Model `Gray' substituted by `gray' on input line 1370.
Package xcolor Info: Model `wave' substituted by `hsb' on input line 1371.
) (/usr/local/texlive/2021/texmf-dist/tex/latex/xurl/xurl.sty
Package: xurl 2020/12/30 v 0.09a modify URL breaks
(/usr/local/texlive/2021/texmf-dist/tex/latex/url/url.sty
\Urlmuskip=\muskip19
Package: url 2013/09/16  ver 3.4  Verb mode for urls, etc.
)) (/usr/local/texlive/2021/texmf-dist/tex/latex/bookmark/bookmark.sty
Package: bookmark 2020-11-06 v1.29 PDF bookmarks (HO)
(/usr/local/texlive/2021/texmf-dist/tex/latex/hyperref/hyperref.sty
Package: hyperref 2021-02-27 v7.00k Hypertext links for LaTeX
(/usr/local/texlive/2021/texmf-dist/tex/generic/pdftexcmds/pdftexcmds.sty
Package: pdftexcmds 2020-06-27 v0.33 Utility functions of pdfTeX for LuaTeX (HO
)
(/usr/local/texlive/2021/texmf-dist/tex/generic/infwarerr/infwarerr.sty
Package: infwarerr 2019/12/03 v1.5 Providing info/warning/error messages (HO)
)
Package pdftexcmds Info: \pdf@primitive is available.
Package pdftexcmds Info: \pdf@ifprimitive is available.
Package pdftexcmds Info: \pdfdraftmode not found.
) (/usr/local/texlive/2021/texmf-dist/tex/generic/kvdefinekeys/kvdefinekeys.sty
Package: kvdefinekeys 2019-12-19 v1.6 Define keys (HO)
) (/usr/local/texlive/2021/texmf-dist/tex/generic/pdfescape/pdfescape.sty
Package: pdfescape 2019/12/09 v1.15 Implements pdfTeX's escape features (HO)
) (/usr/local/texlive/2021/texmf-dist/tex/latex/hycolor/hycolor.sty
Package: hycolor 2020-01-27 v1.10 Color options for hyperref/bookmark (HO)
) (/usr/local/texlive/2021/texmf-dist/tex/latex/letltxmacro/letltxmacro.sty
Package: letltxmacro 2019/12/03 v1.6 Let assignment for LaTeX macros (HO)
) (/usr/local/texlive/2021/texmf-dist/tex/latex/auxhook/auxhook.sty
Package: auxhook 2019-12-17 v1.6 Hooks for auxiliary files (HO)
)
\@linkdim=\dimen184
\Hy@linkcounter=\count301
\Hy@pagecounter=\count302
(/usr/local/texlive/2021/texmf-dist/tex/latex/hyperref/pd1enc.def
File: pd1enc.def 2021-02-27 v7.00k Hyperref: PDFDocEncoding definition (HO)
)
(/usr/local/texlive/2021/texmf-dist/tex/latex/hyperref/hyperref-langpatches.def
File: hyperref-langpatches.def 2021-02-27 v7.00k Hyperref: patches for babel la
nguages
) (/usr/local/texlive/2021/texmf-dist/tex/generic/intcalc/intcalc.sty
Package: intcalc 2019/12/15 v1.3 Expandable calculations with integers (HO)
) (/usr/local/texlive/2021/texmf-dist/tex/generic/etexcmds/etexcmds.sty
Package: etexcmds 2019/12/15 v1.7 Avoid name clashes with e-TeX commands (HO)
)
\Hy@SavedSpaceFactor=\count303
(/usr/local/texlive/2021/texmf-dist/tex/latex/hyperref/puenc.def
File: puenc.def 2021-02-27 v7.00k Hyperref: PDF Unicode definition (HO)
)
Package hyperref Info: Option `unicode' set `true' on input line 4073.
Package hyperref Info: Option `unicode' set `true' on input line 4073.
Package hyperref Info: Hyper figures OFF on input line 4192.
Package hyperref Info: Link nesting OFF on input line 4197.
Package hyperref Info: Hyper index ON on input line 4200.
Package hyperref Info: Plain pages OFF on input line 4207.
Package hyperref Info: Backreferencing OFF on input line 4212.
Package hyperref Info: Implicit mode ON; LaTeX internals redefined.
Package hyperref Info: Bookmarks ON on input line 4445.
\c@Hy@tempcnt=\count304
LaTeX Info: Redefining \url on input line 4804.
\XeTeXLinkMargin=\dimen185
(/usr/local/texlive/2021/texmf-dist/tex/generic/bitset/bitset.sty
Package: bitset 2019/12/09 v1.3 Handle bit-vector datatype (HO)
(/usr/local/texlive/2021/texmf-dist/tex/generic/bigintcalc/bigintcalc.sty
Package: bigintcalc 2019/12/15 v1.5 Expandable calculations on big integers (HO
)
))
\Fld@menulength=\count305
\Field@Width=\dimen186
\Fld@charsize=\dimen187
Package hyperref Info: Hyper figures OFF on input line 6075.
Package hyperref Info: Link nesting OFF on input line 6080.
Package hyperref Info: Hyper index ON on input line 6083.
Package hyperref Info: backreferencing OFF on input line 6090.
Package hyperref Info: Link coloring OFF on input line 6095.
Package hyperref Info: Link coloring with OCG OFF on input line 6100.
Package hyperref Info: PDF/A mode OFF on input line 6105.
LaTeX Info: Redefining \ref on input line 6145.
LaTeX Info: Redefining \pageref on input line 6149.
(/usr/local/texlive/2021/texmf-dist/tex/latex/base/atbegshi-ltx.sty
Package: atbegshi-ltx 2020/08/17 v1.0a Emulation of the original atbegshi packa
ge
with kernel methods
)
\Hy@abspage=\count306
\c@Item=\count307
\c@Hfootnote=\count308
)
Package hyperref Info: Driver (autodetected): hxetex.
(/usr/local/texlive/2021/texmf-dist/tex/latex/hyperref/hxetex.def
File: hxetex.def 2021-02-27 v7.00k Hyperref driver for XeTeX
(/usr/local/texlive/2021/texmf-dist/tex/generic/stringenc/stringenc.sty
Package: stringenc 2019/11/29 v1.12 Convert strings between diff. encodings (HO
)
)
\pdfm@box=\box52
\c@Hy@AnnotLevel=\count309
\HyField@AnnotCount=\count310
\Fld@listcount=\count311
\c@bookmark@seq@number=\count312

(/usr/local/texlive/2021/texmf-dist/tex/latex/rerunfilecheck/rerunfilecheck.sty
Package: rerunfilecheck 2019/12/05 v1.9 Rerun checks for auxiliary files (HO)
(/usr/local/texlive/2021/texmf-dist/tex/latex/base/atveryend-ltx.sty
Package: atveryend-ltx 2020/08/19 v1.0a Emulation of the original atvery packag
e
with kernel methods
)
(/usr/local/texlive/2021/texmf-dist/tex/generic/uniquecounter/uniquecounter.sty
Package: uniquecounter 2019/12/15 v1.4 Provide unlimited unique counter (HO)
)
Package uniquecounter Info: New unique counter `rerunfilecheck' on input line 2
86.
)
\Hy@SectionHShift=\skip61
) (/usr/local/texlive/2021/texmf-dist/tex/latex/bookmark/bkm-dvipdfm.def
File: bkm-dvipdfm.def 2020-11-06 v1.29 bookmark driver for dvipdfm (HO)
\BKM@id=\count313
)) (/usr/local/texlive/2021/texmf-dist/tex/latex/fancyvrb/fancyvrb.sty
Package: fancyvrb 2021/01/20 v3.7 verbatim text (tvz,hv)
\FV@CodeLineNo=\count314
\FV@InFile=\read2
\FV@TabBox=\box53
\c@FancyVerbLine=\count315
\FV@StepNumber=\count316
\FV@OutFile=\write3
) (/usr/local/texlive/2021/texmf-dist/tex/latex/framed/framed.sty
Package: framed 2011/10/22 v 0.96: framed or shaded text with page breaks
\OuterFrameSep=\skip62
\fb@frw=\dimen188
\fb@frh=\dimen189
\FrameRule=\dimen190
\FrameSep=\dimen191
) (/usr/local/texlive/2021/texmf-dist/tex/latex/graphics/graphicx.sty
Package: graphicx 2020/09/09 v1.2b Enhanced LaTeX Graphics (DPC,SPQR)
(/usr/local/texlive/2021/texmf-dist/tex/latex/graphics/graphics.sty
Package: graphics 2020/08/30 v1.4c Standard LaTeX Graphics (DPC,SPQR)
(/usr/local/texlive/2021/texmf-dist/tex/latex/graphics/trig.sty
Package: trig 2016/01/03 v1.10 sin cos tan (DPC)
) (/usr/local/texlive/2021/texmf-dist/tex/latex/graphics-cfg/graphics.cfg
File: graphics.cfg 2016/06/04 v1.11 sample graphics configuration
)
Package graphics Info: Driver file: xetex.def on input line 105.
)
\Gin@req@height=\dimen192
\Gin@req@width=\dimen193
) (./分析报告.aux)
\openout1 = `分析报告.aux'.

LaTeX Font Info:    Checking defaults for OML/cmm/m/it on input line 109.
LaTeX Font Info:    ... okay on input line 109.
LaTeX Font Info:    Checking defaults for OMS/cmsy/m/n on input line 109.
LaTeX Font Info:    ... okay on input line 109.
LaTeX Font Info:    Checking defaults for OT1/cmr/m/n on input line 109.
LaTeX Font Info:    ... okay on input line 109.
LaTeX Font Info:    Checking defaults for T1/cmr/m/n on input line 109.
LaTeX Font Info:    ... okay on input line 109.
LaTeX Font Info:    Checking defaults for TS1/cmr/m/n on input line 109.
LaTeX Font Info:    ... okay on input line 109.
LaTeX Font Info:    Checking defaults for TU/lmr/m/n on input line 109.
LaTeX Font Info:    ... okay on input line 109.
LaTeX Font Info:    Checking defaults for OMX/cmex/m/n on input line 109.
LaTeX Font Info:    ... okay on input line 109.
LaTeX Font Info:    Checking defaults for U/cmr/m/n on input line 109.
LaTeX Font Info:    ... okay on input line 109.
LaTeX Font Info:    Checking defaults for PD1/pdf/m/n on input line 109.
LaTeX Font Info:    ... okay on input line 109.
LaTeX Font Info:    Checking defaults for PU/pdf/m/n on input line 109.
LaTeX Font Info:    ... okay on input line 109.
ABD: EverySelectfont initializing macros
LaTeX Info: Redefining \selectfont on input line 109.
LaTeX Font Info:    Overwriting math alphabet `\mathrm' in version `normal'
(Font)                  OT1/lmr/m/n --> TU/lmr/m/n on input line 109.
LaTeX Font Info:    Overwriting math alphabet `\mathit' in version `normal'
(Font)                  OT1/lmr/m/it --> TU/lmr/m/it on input line 109.
LaTeX Font Info:    Overwriting math alphabet `\mathbf' in version `normal'
(Font)                  OT1/lmr/bx/n --> TU/lmr/bx/n on input line 109.
LaTeX Font Info:    Overwriting math alphabet `\mathsf' in version `normal'
(Font)                  OT1/lmss/m/n --> TU/lmss/m/n on input line 109.
LaTeX Font Info:    Overwriting math alphabet `\mathsf' in version `bold'
(Font)                  OT1/lmss/bx/n --> TU/lmss/bx/n on input line 109.
LaTeX Font Info:    Overwriting math alphabet `\mathtt' in version `normal'
(Font)                  OT1/lmtt/m/n --> TU/lmtt/m/n on input line 109.
LaTeX Font Info:    Overwriting math alphabet `\mathtt' in version `bold'
(Font)                  OT1/lmtt/m/n --> TU/lmtt/bx/n on input line 109.

Package fontspec Info: latinmodern-math scale = 0.9999966408685371.


Package fontspec Info: latinmodern-math scale = 0.9999966408685371.


Package fontspec Info: latinmodern-math scale = 0.9999966408685371.


Package fontspec Info: Font family 'latinmodern-math.otf(0)' created for font
(fontspec)             'latinmodern-math.otf' with options
(fontspec)             [Scale=MatchLowercase,BoldItalicFont={},ItalicFont={},Sm
allCapsFont={},Script=Math,BoldFont={latinmodern-math.otf}].
(fontspec)              
(fontspec)              This font family consists of the following NFSS
(fontspec)             series/shapes:
(fontspec)              
(fontspec)             - 'normal' (m/n) with NFSS spec.:
(fontspec)             <->s*[0.9999966408685371]"[latinmodern-math.otf]/OT:scri
pt=math;language=dflt;"
(fontspec)             - 'small caps'  (m/sc) with NFSS spec.: 
(fontspec)             - 'bold' (b/n) with NFSS spec.:
(fontspec)             <->s*[0.9999966408685371]"[latinmodern-math.otf]/OT:scri
pt=math;language=dflt;"
(fontspec)             - 'bold small caps'  (b/sc) with NFSS spec.: 

LaTeX Font Info:    Font shape `TU/latinmodern-math.otf(0)/m/n' will be
(Font)              scaled to size 10.53937pt on input line 109.

Package fontspec Info: latinmodern-math scale = 0.9999966408685371.


Package fontspec Info: latinmodern-math scale = 0.9999966408685371.


Package fontspec Info: latinmodern-math scale = 0.9999966408685371.


Package fontspec Info: latinmodern-math scale = 0.9999966408685371.


Package fontspec Info: latinmodern-math scale = 0.9999966408685371.


Package fontspec Info: Font family 'latinmodern-math.otf(1)' created for font
(fontspec)             'latinmodern-math.otf' with options
(fontspec)             [Scale=MatchLowercase,BoldItalicFont={},ItalicFont={},Sm
allCapsFont={},Script=Math,SizeFeatures={{Size=8.9584645-},{Size=6.323622-8.958
4645,Font=latinmodern-math.otf,Style=MathScript},{Size=-6.323622,Font=latinmode
rn-math.otf,Style=MathScriptScript}},BoldFont={latinmodern-math.otf}].
(fontspec)              
(fontspec)              This font family consists of the following NFSS
(fontspec)             series/shapes:
(fontspec)              
(fontspec)             - 'normal' (m/n) with NFSS spec.:
(fontspec)             <8.9584645->s*[0.9999966408685371]"[latinmodern-math.otf
]/OT:script=math;language=dflt;"<6.323622-8.9584645>s*[0.9999966408685371]"[lat
inmodern-math.otf]/OT:script=math;language=dflt;+ssty=0;"<-6.323622>s*[0.999996
6408685371]"[latinmodern-math.otf]/OT:script=math;language=dflt;+ssty=1;"
(fontspec)             - 'small caps'  (m/sc) with NFSS spec.: 
(fontspec)             - 'bold' (b/n) with NFSS spec.:
(fontspec)             <->s*[0.9999966408685371]"[latinmodern-math.otf]/OT:scri
pt=math;language=dflt;"
(fontspec)             - 'bold small caps'  (b/sc) with NFSS spec.: 

LaTeX Font Info:    Font shape `TU/latinmodern-math.otf(1)/m/n' will be
(Font)              scaled to size 10.53937pt on input line 109.
LaTeX Font Info:    Encoding `OT1' has changed to `TU' for symbol font
(Font)              `operators' in the math version `normal' on input line 109.

LaTeX Font Info:    Overwriting symbol font `operators' in version `normal'
(Font)                  OT1/lmr/m/n --> TU/latinmodern-math.otf(1)/m/n on input
 line 109.
LaTeX Font Info:    Encoding `OT1' has changed to `TU' for symbol font
(Font)              `operators' in the math version `bold' on input line 109.
LaTeX Font Info:    Overwriting symbol font `operators' in version `bold'
(Font)                  OT1/lmr/bx/n --> TU/latinmodern-math.otf(1)/b/n on inpu
t line 109.

Package fontspec Info: latinmodern-math scale = 0.9999966408685371.


Package fontspec Info: latinmodern-math scale = 1.000096640532624.


Package fontspec Info: latinmodern-math scale = 0.9999966408685371.


Package fontspec Info: latinmodern-math scale = 1.000096640532624.


Package fontspec Info: latinmodern-math scale = 0.9999966408685371.


Package fontspec Info: latinmodern-math scale = 1.000096640532624.


Package fontspec Info: latinmodern-math scale = 0.9999966408685371.


Package fontspec Info: latinmodern-math scale = 1.000096640532624.


Package fontspec Info: latinmodern-math scale = 0.9999966408685371.


Package fontspec Info: latinmodern-math scale = 1.000096640532624.


Package fontspec Info: Font family 'latinmodern-math.otf(2)' created for font
(fontspec)             'latinmodern-math.otf' with options
(fontspec)             [Scale=MatchLowercase,BoldItalicFont={},ItalicFont={},Sm
allCapsFont={},Script=Math,SizeFeatures={{Size=8.9584645-},{Size=6.323622-8.958
4645,Font=latinmodern-math.otf,Style=MathScript},{Size=-6.323622,Font=latinmode
rn-math.otf,Style=MathScriptScript}},BoldFont={latinmodern-math.otf},ScaleAgain
=1.0001,FontAdjustment={\fontdimen
(fontspec)             8\font =7.13515pt\relax \fontdimen 9\font
(fontspec)             =4.15251pt\relax \fontdimen 10\font =4.67947pt\relax
(fontspec)             \fontdimen 11\font =7.23001pt\relax \fontdimen 12\font
(fontspec)             =3.63608pt\relax \fontdimen 13\font =3.82579pt\relax
(fontspec)             \fontdimen 14\font =3.82579pt\relax \fontdimen 15\font
(fontspec)             =3.04588pt\relax \fontdimen 16\font =2.60323pt\relax
(fontspec)             \fontdimen 17\font =2.60323pt\relax \fontdimen 18\font
(fontspec)             =2.63484pt\relax \fontdimen 19\font =2.10788pt\relax
(fontspec)             \fontdimen 22\font =2.63484pt\relax \fontdimen 20\font
(fontspec)             =0pt\relax \fontdimen 21\font =0pt\relax }].
(fontspec)              
(fontspec)              This font family consists of the following NFSS
(fontspec)             series/shapes:
(fontspec)              
(fontspec)             - 'normal' (m/n) with NFSS spec.:
(fontspec)             <8.9584645->s*[1.000096640532624]"[latinmodern-math.otf]
/OT:script=math;language=dflt;"<6.323622-8.9584645>s*[1.000096640532624]"[latin
modern-math.otf]/OT:script=math;language=dflt;+ssty=0;"<-6.323622>s*[1.00009664
0532624]"[latinmodern-math.otf]/OT:script=math;language=dflt;+ssty=1;"
(fontspec)             - 'small caps'  (m/sc) with NFSS spec.: 
(fontspec)             and font adjustment code:
(fontspec)             \fontdimen 8\font =7.13515pt\relax \fontdimen 9\font
(fontspec)             =4.15251pt\relax \fontdimen 10\font =4.67947pt\relax
(fontspec)             \fontdimen 11\font =7.23001pt\relax \fontdimen 12\font
(fontspec)             =3.63608pt\relax \fontdimen 13\font =3.82579pt\relax
(fontspec)             \fontdimen 14\font =3.82579pt\relax \fontdimen 15\font
(fontspec)             =3.04588pt\relax \fontdimen 16\font =2.60323pt\relax
(fontspec)             \fontdimen 17\font =2.60323pt\relax \fontdimen 18\font
(fontspec)             =2.63484pt\relax \fontdimen 19\font =2.10788pt\relax
(fontspec)             \fontdimen 22\font =2.63484pt\relax \fontdimen 20\font
(fontspec)             =0pt\relax \fontdimen 21\font =0pt\relax 
(fontspec)             - 'bold' (b/n) with NFSS spec.:
(fontspec)             <->s*[1.000096640532624]"[latinmodern-math.otf]/OT:scrip
t=math;language=dflt;"
(fontspec)             - 'bold small caps'  (b/sc) with NFSS spec.: 
(fontspec)             and font adjustment code:
(fontspec)             \fontdimen 8\font =7.13515pt\relax \fontdimen 9\font
(fontspec)             =4.15251pt\relax \fontdimen 10\font =4.67947pt\relax
(fontspec)             \fontdimen 11\font =7.23001pt\relax \fontdimen 12\font
(fontspec)             =3.63608pt\relax \fontdimen 13\font =3.82579pt\relax
(fontspec)             \fontdimen 14\font =3.82579pt\relax \fontdimen 15\font
(fontspec)             =3.04588pt\relax \fontdimen 16\font =2.60323pt\relax
(fontspec)             \fontdimen 17\font =2.60323pt\relax \fontdimen 18\font
(fontspec)             =2.63484pt\relax \fontdimen 19\font =2.10788pt\relax
(fontspec)             \fontdimen 22\font =2.63484pt\relax \fontdimen 20\font
(fontspec)             =0pt\relax \fontdimen 21\font =0pt\relax 

LaTeX Font Info:    Encoding `OMS' has changed to `TU' for symbol font
(Font)              `symbols' in the math version `normal' on input line 109.
LaTeX Font Info:    Overwriting symbol font `symbols' in version `normal'
(Font)                  OMS/lmsy/m/n --> TU/latinmodern-math.otf(2)/m/n on inpu
t line 109.
LaTeX Font Info:    Encoding `OMS' has changed to `TU' for symbol font
(Font)              `symbols' in the math version `bold' on input line 109.
LaTeX Font Info:    Overwriting symbol font `symbols' in version `bold'
(Font)                  OMS/lmsy/b/n --> TU/latinmodern-math.otf(2)/b/n on inpu
t line 109.

Package fontspec Info: latinmodern-math scale = 0.9999966408685371.


Package fontspec Info: latinmodern-math scale = 0.9998966412044502.


Package fontspec Info: latinmodern-math scale = 0.9999966408685371.


Package fontspec Info: latinmodern-math scale = 0.9998966412044502.


Package fontspec Info: latinmodern-math scale = 0.9999966408685371.


Package fontspec Info: latinmodern-math scale = 0.9998966412044502.


Package fontspec Info: latinmodern-math scale = 0.9999966408685371.


Package fontspec Info: latinmodern-math scale = 0.9998966412044502.


Package fontspec Info: latinmodern-math scale = 0.9999966408685371.


Package fontspec Info: latinmodern-math scale = 0.9998966412044502.


Package fontspec Info: Font family 'latinmodern-math.otf(3)' created for font
(fontspec)             'latinmodern-math.otf' with options
(fontspec)             [Scale=MatchLowercase,BoldItalicFont={},ItalicFont={},Sm
allCapsFont={},Script=Math,SizeFeatures={{Size=8.9584645-},{Size=6.323622-8.958
4645,Font=latinmodern-math.otf,Style=MathScript},{Size=-6.323622,Font=latinmode
rn-math.otf,Style=MathScriptScript}},BoldFont={latinmodern-math.otf},ScaleAgain
=0.9999,FontAdjustment={\fontdimen
(fontspec)             8\font =0.42157pt\relax \fontdimen 9\font
(fontspec)             =2.10788pt\relax \fontdimen 10\font =1.76007pt\relax
(fontspec)             \fontdimen 11\font =1.16988pt\relax \fontdimen 12\font
(fontspec)             =6.32362pt\relax \fontdimen 13\font =0pt\relax }].
(fontspec)              
(fontspec)              This font family consists of the following NFSS
(fontspec)             series/shapes:
(fontspec)              
(fontspec)             - 'normal' (m/n) with NFSS spec.:
(fontspec)             <8.9584645->s*[0.9998966412044502]"[latinmodern-math.otf
]/OT:script=math;language=dflt;"<6.323622-8.9584645>s*[0.9998966412044502]"[lat
inmodern-math.otf]/OT:script=math;language=dflt;+ssty=0;"<-6.323622>s*[0.999896
6412044502]"[latinmodern-math.otf]/OT:script=math;language=dflt;+ssty=1;"
(fontspec)             - 'small caps'  (m/sc) with NFSS spec.: 
(fontspec)             and font adjustment code:
(fontspec)             \fontdimen 8\font =0.42157pt\relax \fontdimen 9\font
(fontspec)             =2.10788pt\relax \fontdimen 10\font =1.76007pt\relax
(fontspec)             \fontdimen 11\font =1.16988pt\relax \fontdimen 12\font
(fontspec)             =6.32362pt\relax \fontdimen 13\font =0pt\relax 
(fontspec)             - 'bold' (b/n) with NFSS spec.:
(fontspec)             <->s*[0.9998966412044502]"[latinmodern-math.otf]/OT:scri
pt=math;language=dflt;"
(fontspec)             - 'bold small caps'  (b/sc) with NFSS spec.: 
(fontspec)             and font adjustment code:
(fontspec)             \fontdimen 8\font =0.42157pt\relax \fontdimen 9\font
(fontspec)             =2.10788pt\relax \fontdimen 10\font =1.76007pt\relax
(fontspec)             \fontdimen 11\font =1.16988pt\relax \fontdimen 12\font
(fontspec)             =6.32362pt\relax \fontdimen 13\font =0pt\relax 

LaTeX Font Info:    Encoding `OMX' has changed to `TU' for symbol font
(Font)              `largesymbols' in the math version `normal' on input line 1
09.
LaTeX Font Info:    Overwriting symbol font `largesymbols' in version `normal'
(Font)                  OMX/lmex/m/n --> TU/latinmodern-math.otf(3)/m/n on inpu
t line 109.
LaTeX Font Info:    Encoding `OMX' has changed to `TU' for symbol font
(Font)              `largesymbols' in the math version `bold' on input line 109
.
LaTeX Font Info:    Overwriting symbol font `largesymbols' in version `bold'
(Font)                  OMX/lmex/m/n --> TU/latinmodern-math.otf(3)/b/n on inpu
t line 109.
LaTeX Info: Redefining \microtypecontext on input line 109.
Package microtype Info: Character protrusion enabled (level 2).
Package microtype Info: Using protrusion set `basicmath'.
Package microtype Info: No adjustment of tracking.
Package microtype Info: No adjustment of spacing.
Package microtype Info: No adjustment of kerning.

(/usr/local/texlive/2021/texmf-dist/tex/latex/microtype/mt-LatinModernRoman.cfg
File: mt-LatinModernRoman.cfg 2021/02/21 v1.1 microtype config. file: Latin Mod
ern Roman (RS)
)
Package hyperref Info: Link coloring OFF on input line 109.
(/usr/local/texlive/2021/texmf-dist/tex/latex/hyperref/nameref.sty
Package: nameref 2021-04-02 v2.47 Cross-referencing by name of section
(/usr/local/texlive/2021/texmf-dist/tex/latex/refcount/refcount.sty
Package: refcount 2019/12/15 v3.6 Data extraction from label references (HO)
)
(/usr/local/texlive/2021/texmf-dist/tex/generic/gettitlestring/gettitlestring.s
ty
Package: gettitlestring 2019/12/15 v1.6 Cleanup title references (HO)
)
\c@section@level=\count317
)
LaTeX Info: Redefining \ref on input line 109.
LaTeX Info: Redefining \pageref on input line 109.
LaTeX Info: Redefining \nameref on input line 109.
LaTeX Font Info:    Font shape `TU/latinmodern-math.otf(1)/m/n' will be
(Font)              scaled to size 12.045pt on input line 111.
LaTeX Font Info:    Font shape `TU/latinmodern-math.otf(1)/m/n' will be
(Font)              scaled to size 8.0pt on input line 111.
LaTeX Font Info:    Font shape `TU/latinmodern-math.otf(1)/m/n' will be
(Font)              scaled to size 6.0pt on input line 111.
LaTeX Font Info:    Trying to load font information for OML+lmm on input line 1
11.
(/usr/local/texlive/2021/texmf-dist/tex/latex/lm/omllmm.fd
File: omllmm.fd 2015/05/01 v1.6.1 Font defs for Latin Modern
)
LaTeX Font Info:    Font shape `TU/latinmodern-math.otf(2)/m/n' will be
(Font)              scaled to size 12.0461pt on input line 111.
LaTeX Font Info:    Font shape `TU/latinmodern-math.otf(2)/m/n' will be
(Font)              scaled to size 8.00073pt on input line 111.
LaTeX Font Info:    Font shape `TU/latinmodern-math.otf(2)/m/n' will be
(Font)              scaled to size 6.00055pt on input line 111.
LaTeX Font Info:    Font shape `TU/latinmodern-math.otf(3)/m/n' will be
(Font)              scaled to size 12.0437pt on input line 111.
LaTeX Font Info:    Font shape `TU/latinmodern-math.otf(3)/m/n' will be
(Font)              scaled to size 7.99915pt on input line 111.
LaTeX Font Info:    Font shape `TU/latinmodern-math.otf(3)/m/n' will be
(Font)              scaled to size 5.99936pt on input line 111.
LaTeX Font Info:    Trying to load font information for U+msa on input line 111
.
(/usr/local/texlive/2021/texmf-dist/tex/latex/amsfonts/umsa.fd
File: umsa.fd 2013/01/14 v3.01 AMS symbols A
) (/usr/local/texlive/2021/texmf-dist/tex/latex/microtype/mt-msa.cfg
File: mt-msa.cfg 2006/02/04 v1.1 microtype config. file: AMS symbols (a) (RS)
)
LaTeX Font Info:    Trying to load font information for U+msb on input line 111
.
(/usr/local/texlive/2021/texmf-dist/tex/latex/amsfonts/umsb.fd
File: umsb.fd 2013/01/14 v3.01 AMS symbols B
) (/usr/local/texlive/2021/texmf-dist/tex/latex/microtype/mt-msb.cfg
File: mt-msb.cfg 2005/06/01 v1.0 microtype config. file: AMS symbols (b) (RS)
) (./分析报告.toc
LaTeX Font Info:    Font shape `TU/latinmodern-math.otf(1)/m/n' will be
(Font)              scaled to size 7.37756pt on input line 2.
LaTeX Font Info:    Font shape `TU/latinmodern-math.otf(1)/m/n' will be
(Font)              scaled to size 5.26968pt on input line 2.
LaTeX Font Info:    Font shape `TU/latinmodern-math.otf(2)/m/n' will be
(Font)              scaled to size 10.54033pt on input line 2.
LaTeX Font Info:    Font shape `TU/latinmodern-math.otf(2)/m/n' will be
(Font)              scaled to size 7.37823pt on input line 2.
LaTeX Font Info:    Font shape `TU/latinmodern-math.otf(2)/m/n' will be
(Font)              scaled to size 5.27016pt on input line 2.
LaTeX Font Info:    Font shape `TU/latinmodern-math.otf(3)/m/n' will be
(Font)              scaled to size 10.53824pt on input line 2.
LaTeX Font Info:    Font shape `TU/latinmodern-math.otf(3)/m/n' will be
(Font)              scaled to size 7.37677pt on input line 2.
LaTeX Font Info:    Font shape `TU/latinmodern-math.otf(3)/m/n' will be
(Font)              scaled to size 5.26912pt on input line 2.
)
\tf@toc=\write4
\openout4 = `分析报告.toc'.

[1

]

Package fontspec Warning: Font "STFangsong" does not contain requested Script
(fontspec)                "CJK".


Package fontspec Info: STFangsong scale = 0.9707181870057879.


Package fontspec Info: Could not resolve font "STFangsong/BI" (it probably
(fontspec)             doesn't exist).


Package fontspec Info: Could not resolve font "STFangsong/B" (it probably
(fontspec)             doesn't exist).


Package fontspec Info: Could not resolve font "STFangsong/I" (it probably
(fontspec)             doesn't exist).


Package fontspec Info: STFangsong scale = 0.9707181870057879.


Package fontspec Info: Font family 'STFangsong(0)' created for font
(fontspec)             'STFangsong' with options
(fontspec)             [Scale=MatchLowercase,Script={CJK}].
(fontspec)              
(fontspec)              This font family consists of the following NFSS
(fontspec)             series/shapes:
(fontspec)              
(fontspec)             - 'normal' (m/n) with NFSS spec.:
(fontspec)             <->s*[0.9707181870057879]"STFangsong/OT:language=dflt;"
(fontspec)             - 'small caps'  (m/sc) with NFSS spec.: 

LaTeX Font Info:    Font shape `TU/STFangsong(0)/m/n' will be
(Font)              scaled to size 10.23074pt on input line 156.

LaTeX Font Warning: Font shape `TU/STFangsong(0)/m/it' undefined
(Font)              using `TU/STFangsong(0)/m/n' instead on input line 184.

LaTeX Font Info:    Font shape `TU/SongtiSCLight(0)/m/sl' in size <10.53937> no
t available
(Font)              Font shape `TU/SongtiSCLight(0)/m/it' tried instead on inpu
t line 187.
[2]
Underfull \vbox (badness 1997) detected at line 209
 []

[3] [4] [5]
Overfull \hbox (14.65608pt too wide) in paragraph at lines 282--282
[]\TU/lmtt/m/n/10.53937 ##    chisq       df   pvalue      cfi    rmsea      tl
i     srmr[] 
 []


Overfull \hbox (14.65607pt too wide) in paragraph at lines 282--282
[]\TU/lmtt/m/n/10.53937 ## 4029.410  344.000    0.000    0.806    0.103    0.78
7    0.098[] 
 []


Overfull \hbox (14.65608pt too wide) in paragraph at lines 294--294
[]\TU/lmtt/m/n/10.53937 ##    chisq       df   pvalue      cfi    rmsea      tl
i     srmr[] 
 []


Overfull \hbox (14.65607pt too wide) in paragraph at lines 294--294
[]\TU/lmtt/m/n/10.53937 ## 2393.989  339.000    0.000    0.892    0.077    0.87
9    0.087[] 
 []

[6]
Overfull \hbox (47.855pt too wide) in paragraph at lines 389--389
[]\TU/lmtt/m/n/10.53937 ## Standardized loadings (pattern matrix) based upon co
rrelation matrix[] 
 []

[7]
Overfull \hbox (14.65608pt too wide) in paragraph at lines 428--428
[]\TU/lmtt/m/n/10.53937 ##    chisq       df   pvalue      cfi    rmsea      tl
i     srmr[] 
 []


Overfull \hbox (14.65607pt too wide) in paragraph at lines 428--428
[]\TU/lmtt/m/n/10.53937 ## 2208.133   35.000    0.000    0.555    0.247    0.42
8    0.204[] 
 []

[8]
Overfull \hbox (108.71992pt too wide) in paragraph at lines 445--445
[]\TU/lmtt/m/n/10.53937 ##    SES1    SES2  SES3_r    SES4  SES5_r    SES6    S
ES7    SES8  SES9_r SES10_r[] 
 []


Overfull \hbox (108.71999pt too wide) in paragraph at lines 445--445
[]\TU/lmtt/m/n/10.53937 ##    0.88    0.87    0.81    0.89    0.80    0.84    0
.85    0.89    0.74    0.74[] 
 []


Overfull \hbox (47.855pt too wide) in paragraph at lines 507--507
[]\TU/lmtt/m/n/10.53937 ## Standardized loadings (pattern matrix) based upon co
rrelation matrix[] 
 []

[9] [10] [11]
Overfull \hbox (47.855pt too wide) in paragraph at lines 639--639
[]\TU/lmtt/m/n/10.53937 ## Standardized loadings (pattern matrix) based upon co
rrelation matrix[] 
 []

[12]
Overfull \hbox (20.18924pt too wide) in paragraph at lines 678--678
[]\TU/lmtt/m/n/10.53937 ##   chisq      df  pvalue     cfi   rmsea     tli    s
rmr     gfi[] 
 []

[13]
Overfull \hbox (20.18922pt too wide) in paragraph at lines 678--678
[]\TU/lmtt/m/n/10.53937 ## 446.153  20.000   0.000   0.921   0.145   0.890   0.
050   0.878[] 
 []


Overfull \hbox (47.855pt too wide) in paragraph at lines 750--750
[]\TU/lmtt/m/n/10.53937 ## Standardized loadings (pattern matrix) based upon co
rrelation matrix[] 
 []

[14]
LaTeX Font Info:    Font shape `TU/lmtt/bx/n' in size <10.53937> not available
(Font)              Font shape `TU/lmtt/b/n' tried instead on input line 809.

LaTeX Font Warning: Font shape `TU/lmtt/bx/it' in size <10.53937> not available

(Font)              Font shape `TU/lmtt/b/sl' tried instead on input line 809.


LaTeX Font Warning: Font shape `TU/STFangsong(0)/b/it' undefined
(Font)              using `TU/STFangsong(0)/m/n' instead on input line 809.

[15]
Underfull \vbox (badness 10000) detected at line 815
 []


Underfull \vbox (badness 10000) detected at line 815
 []

[16]
Overfull \hbox (81.05411pt too wide) in paragraph at lines 855--855
[]\TU/lmtt/m/n/10.53937 ##  $ sex       : Factor w/ 2 levels "female","male": 2
 2 1 1 1 2 1 1 1 2 ...[] 
 []


Overfull \hbox (119.78627pt too wide) in paragraph at lines 855--855
[]\TU/lmtt/m/n/10.53937 ##  $ grade     : Factor w/ 4 levels "freshman","junior
",..: 4 3 3 4 4 4 1 4 4 4 ...[] 
 []


Overfull \hbox (75.52089pt too wide) in paragraph at lines 855--855
[]\TU/lmtt/m/n/10.53937 ##  $ residence : Factor w/ 2 levels "city","rural": 1 
1 2 1 1 2 2 1 2 1 ...[] 
 []


Overfull \hbox (97.65358pt too wide) in paragraph at lines 855--855
[]\TU/lmtt/m/n/10.53937 ##  $ school    : Factor w/ 2 levels "private","public"
: 1 1 2 1 1 1 2 1 2 1 ...[] 
 []


Overfull \hbox (3.58963pt too wide) in paragraph at lines 855--855
[]\TU/lmtt/m/n/10.53937 ##  $ inter_raw : num  1.9996 0.7168 -0.2076 -0.0395 -4
.922 ...[] 
 []

[17]
Overfull \hbox (31.25548pt too wide) in paragraph at lines 890--890
[]\TU/lmtt/m/n/10.53937 ## The data contains 1014 observations of the following
 9 variables:[] 
 []


Overfull \hbox (462.84279pt too wide) in paragraph at lines 890--890
[]\TU/lmtt/m/n/10.53937 ##   - SNS_t: n = 1014, Mean = 8.55e-17, SD = 0.79, Med
ian = 0.07, MAD = 0.86, range: [-2.50, 1.11], Skewness = -0.63, Kurtosis = 0.23
, 0% missing[] 
 []


Overfull \hbox (418.57742pt too wide) in paragraph at lines 890--890
[]\TU/lmtt/m/n/10.53937 ##   - SES_t: n = 1014, Mean = 28.56, SD = 4.46, Median
 = 28.00, MAD = 2.97, range: [11, 40], Skewness = 0.23, Kurtosis = 0.51, 0% mis
sing[] 
 []


Overfull \hbox (424.1106pt too wide) in paragraph at lines 890--890
[]\TU/lmtt/m/n/10.53937 ##   - CSES_t: n = 1014, Mean = 19.37, SD = 4.68, Media
n = 20.00, MAD = 4.45, range: [4, 28], Skewness = -0.11, Kurtosis = 0.25, 0% mi
ssing[] 
 []


Overfull \hbox (418.57742pt too wide) in paragraph at lines 890--890
[]\TU/lmtt/m/n/10.53937 ##   - EIB_t: n = 1014, Mean = 28.49, SD = 5.90, Median
 = 28.00, MAD = 5.93, range: [8, 40], Skewness = -0.17, Kurtosis = 0.56, 0% mis
sing[] 
 []


Overfull \hbox (202.78375pt too wide) in paragraph at lines 890--890
[]\TU/lmtt/m/n/10.53937 ##   - IP: 29 entries, such as  \TU/STFangsong(0)/m/n/1
0.53937 云 南  \TU/lmtt/m/n/10.53937 (59.27%);  \TU/STFangsong(0)/m/n/10.53937 广 
东  \TU/lmtt/m/n/10.53937 (11.05%);  \TU/STFangsong(0)/m/n/10.53937 浙 江  \TU/lmt
t/m/n/10.53937 (9.27%) and 26 others (0 missing)[] 
 []


Overfull \hbox (97.65353pt too wide) in paragraph at lines 890--890
[]\TU/lmtt/m/n/10.53937 ##   - sex: 2 levels, namely female (n = 536, 52.86%) a
nd male (n = 478, 47.14%)[] 
 []


Overfull \hbox (435.17683pt too wide) in paragraph at lines 890--890
[]\TU/lmtt/m/n/10.53937 ##   - grade: 4 levels, namely freshman (n = 370, 36.49
%), junior (n = 150, 14.79%), senior (n = 124, 12.23%) and sophomore (n = 370, 
36.49%)[] 
 []


Overfull \hbox (125.31938pt too wide) in paragraph at lines 890--890
[]\TU/lmtt/m/n/10.53937 ##   - residence: 2 levels, namely city (n = 486, 47.93
%) and rural (n = 528, 52.07%)[] 
 []


Overfull \hbox (130.85254pt too wide) in paragraph at lines 890--890
[]\TU/lmtt/m/n/10.53937 ##   - school: 2 levels, namely private (n = 599, 59.07
%) and public (n = 415, 40.93%)[] 
 []

[18] [19]
Overfull \hbox (235.98274pt too wide) in paragraph at lines 958--958
[]\TU/lmtt/m/n/10.53937 ## alternative hypothesis: true difference in means bet
ween group female and group male is not equal to 0[] 
 []


Overfull \hbox (14.65605pt too wide) in paragraph at lines 986--986
[]\TU/lmtt/m/n/10.53937 ## Signif. codes:  0 []***[] 0.001 []**[] 0.01 []*[] 0.
05 [].[] 0.1 [] [] 1[] 
 []


Overfull \hbox (152.98518pt too wide) in paragraph at lines 997--997
[]\TU/lmtt/m/n/10.53937 ## For one-way between subjects designs, partial eta sq
uared is equivalent to eta squared.[] 
 []

[20]
Overfull \hbox (14.65605pt too wide) in paragraph at lines 1024--1024
[]\TU/lmtt/m/n/10.53937 ## Signif. codes:  0 []***[] 0.001 []**[] 0.01 []*[] 0.
05 [].[] 0.1 [] [] 1[] 
 []


Overfull \hbox (152.98518pt too wide) in paragraph at lines 1035--1035
[]\TU/lmtt/m/n/10.53937 ## For one-way between subjects designs, partial eta sq
uared is equivalent to eta squared.[] 
 []


Overfull \hbox (230.44958pt too wide) in paragraph at lines 1068--1068
[]\TU/lmtt/m/n/10.53937 ## alternative hypothesis: true difference in means bet
ween group city and group rural is not equal to 0[] 
 []

[21]
Overfull \hbox (252.58224pt too wide) in paragraph at lines 1105--1105
[]\TU/lmtt/m/n/10.53937 ## alternative hypothesis: true difference in means bet
ween group private and group public is not equal to 0[] 
 []

[22]
Overfull \hbox (14.65605pt too wide) in paragraph at lines 1133--1133
[]\TU/lmtt/m/n/10.53937 ## Signif. codes:  0 []***[] 0.001 []**[] 0.01 []*[] 0.
05 [].[] 0.1 [] [] 1[] 
 []


Overfull \hbox (152.98518pt too wide) in paragraph at lines 1144--1144
[]\TU/lmtt/m/n/10.53937 ## For one-way between subjects designs, partial eta sq
uared is equivalent to eta squared.[] 
 []

[23]
Overfull \hbox (69.98775pt too wide) in paragraph at lines 1265--1265
[]\TU/lmtt/m/n/10.53937 ##                    Estimate  Std.Err  z-value  P(>|z
|) ci.lower ci.upper[] 
 []


Overfull \hbox (69.98778pt too wide) in paragraph at lines 1265--1265
[]\TU/lmtt/m/n/10.53937 ##     CSES_t    (b1)    0.967    0.030   32.536    0.0
00    0.907    1.024[] 
 []

[24]
Overfull \hbox (69.9878pt too wide) in paragraph at lines 1265--1265
[]\TU/lmtt/m/n/10.53937 ##     SNS_t   (cdsh)    0.376    0.171    2.196    0.0
28    0.049    0.711[] 
 []


Overfull \hbox (69.98781pt too wide) in paragraph at lines 1265--1265
[]\TU/lmtt/m/n/10.53937 ##     SNS_t     (a1)    2.116    0.213    9.945    0.0
00    1.714    2.544[] 
 []


Overfull \hbox (69.98782pt too wide) in paragraph at lines 1265--1265
[]\TU/lmtt/m/n/10.53937 ##     male              0.492    0.221    2.220    0.0
26    0.057    0.921[] 
 []


Overfull \hbox (69.9878pt too wide) in paragraph at lines 1265--1265
[]\TU/lmtt/m/n/10.53937 ##     public            0.262    0.251    1.044    0.2
96   -0.222    0.758[] 
 []


Overfull \hbox (69.98776pt too wide) in paragraph at lines 1265--1265
[]\TU/lmtt/m/n/10.53937 ##     freshmn          -0.126    0.379   -0.333    0.7
39   -0.879    0.610[] 
 []


Overfull \hbox (69.98776pt too wide) in paragraph at lines 1265--1265
[]\TU/lmtt/m/n/10.53937 ##     sophomr          -0.400    0.375   -1.066    0.2
87   -1.146    0.343[] 
 []


Overfull \hbox (69.98776pt too wide) in paragraph at lines 1265--1265
[]\TU/lmtt/m/n/10.53937 ##     junior           -0.084    0.460   -0.184    0.8
54   -0.982    0.812[] 
 []


Overfull \hbox (69.98782pt too wide) in paragraph at lines 1265--1265
[]\TU/lmtt/m/n/10.53937 ##     male              1.390    0.279    4.977    0.0
00    0.845    1.947[] 
 []


Overfull \hbox (69.9878pt too wide) in paragraph at lines 1265--1265
[]\TU/lmtt/m/n/10.53937 ##     public            0.073    0.297    0.245    0.8
06   -0.521    0.646[] 
 []


Overfull \hbox (69.98776pt too wide) in paragraph at lines 1265--1265
[]\TU/lmtt/m/n/10.53937 ##     freshmn          -0.784    0.503   -1.559    0.1
19   -1.740    0.205[] 
 []


Overfull \hbox (69.98776pt too wide) in paragraph at lines 1265--1265
[]\TU/lmtt/m/n/10.53937 ##     sophomr          -0.760    0.488   -1.556    0.1
20   -1.728    0.226[] 
 []


Overfull \hbox (69.98776pt too wide) in paragraph at lines 1265--1265
[]\TU/lmtt/m/n/10.53937 ##     junior           -0.028    0.554   -0.051    0.9
59   -1.105    1.043[] 
 []

[25]
Overfull \hbox (69.98775pt too wide) in paragraph at lines 1265--1265
[]\TU/lmtt/m/n/10.53937 ##                    Estimate  Std.Err  z-value  P(>|z
|) ci.lower ci.upper[] 
 []


Overfull \hbox (69.98775pt too wide) in paragraph at lines 1265--1265
[]\TU/lmtt/m/n/10.53937 ##    .EIB_t            12.784    0.750   17.039    0.0
00   11.218   14.159[] 
 []


Overfull \hbox (69.98775pt too wide) in paragraph at lines 1265--1265
[]\TU/lmtt/m/n/10.53937 ##    .CSES_t           18.550    0.809   22.921    0.0
00   16.861   20.125[] 
 []


Overfull \hbox (69.98775pt too wide) in paragraph at lines 1265--1265
[]\TU/lmtt/m/n/10.53937 ##                    Estimate  Std.Err  z-value  P(>|z
|) ci.lower ci.upper[] 
 []


Overfull \hbox (69.98782pt too wide) in paragraph at lines 1265--1265
[]\TU/lmtt/m/n/10.53937 ##     ind               2.046    0.226    9.053    0.0
00    1.618    2.520[] 
 []


Overfull \hbox (69.9878pt too wide) in paragraph at lines 1265--1265
[]\TU/lmtt/m/n/10.53937 ##     direct            0.967    0.030   32.532    0.0
00    0.907    1.024[] 
 []


Overfull \hbox (69.98782pt too wide) in paragraph at lines 1265--1265
[]\TU/lmtt/m/n/10.53937 ##     total             2.421    0.279    8.674    0.0
00    1.881    2.975[] 
 []


Underfull \vbox (badness 10000) detected at line 1298
 []

[26]
Overfull \hbox (64.45453pt too wide) in paragraph at lines 1334--1334
[]\TU/lmtt/m/n/10.53937 ## lm(formula = scale(df2$EIB_t, center = T, scale = T)
 ~ scale(df2$SNS_t,[] 
 []


Overfull \hbox (42.32188pt too wide) in paragraph at lines 1334--1334
[]\TU/lmtt/m/n/10.53937 ##     center = T, scale = T) + male + freshman + sopho
more + junior +[] 
 []


Overfull \hbox (92.12051pt too wide) in paragraph at lines 1334--1334
[]\TU/lmtt/m/n/10.53937 ##                                         Estimate Std
. Error t value Pr(>|t|)[] 
 []


Overfull \hbox (92.12045pt too wide) in paragraph at lines 1334--1334
[]\TU/lmtt/m/n/10.53937 ## (Intercept)                             -0.04210    
0.09851  -0.427   0.6692[] 
 []


Overfull \hbox (92.12038pt too wide) in paragraph at lines 1334--1334
[]\TU/lmtt/m/n/10.53937 ## scale(df2$SNS_t, center = T, scale = T)  0.32546    
0.03008  10.821  < 2e-16[] 
 []

[27]
Overfull \hbox (92.1205pt too wide) in paragraph at lines 1334--1334
[]\TU/lmtt/m/n/10.53937 ## male                                     0.31102    
0.05942   5.234 2.02e-07[] 
 []


Overfull \hbox (92.12047pt too wide) in paragraph at lines 1334--1334
[]\TU/lmtt/m/n/10.53937 ## freshman                                -0.14972    
0.10293  -1.454   0.1461[] 
 []


Overfull \hbox (92.12045pt too wide) in paragraph at lines 1334--1334
[]\TU/lmtt/m/n/10.53937 ## sophomore                               -0.19215    
0.09870  -1.947   0.0518[] 
 []


Overfull \hbox (92.12047pt too wide) in paragraph at lines 1334--1334
[]\TU/lmtt/m/n/10.53937 ## junior                                  -0.01894    
0.11338  -0.167   0.8674[] 
 []


Overfull \hbox (92.12048pt too wide) in paragraph at lines 1334--1334
[]\TU/lmtt/m/n/10.53937 ## public                                   0.05627    
0.06504   0.865   0.3872[] 
 []


Overfull \hbox (14.65605pt too wide) in paragraph at lines 1334--1334
[]\TU/lmtt/m/n/10.53937 ## Signif. codes:  0 []***[] 0.001 []**[] 0.01 []*[] 0.
05 [].[] 0.1 [] [] 1[] 
 []


Overfull \hbox (69.98769pt too wide) in paragraph at lines 1376--1376
[]\TU/lmtt/m/n/10.53937 ## lm(formula = scale(df2$CSES_t, center = T, scale = T
) ~ scale(df2$SNS_t,[] 
 []


Overfull \hbox (42.32188pt too wide) in paragraph at lines 1376--1376
[]\TU/lmtt/m/n/10.53937 ##     center = T, scale = T) + male + freshman + sopho
more + junior +[] 
 []


Overfull \hbox (97.65369pt too wide) in paragraph at lines 1376--1376
[]\TU/lmtt/m/n/10.53937 ##                                          Estimate St
d. Error t value Pr(>|t|)[] 
 []

[28]
Overfull \hbox (97.65361pt too wide) in paragraph at lines 1376--1376
[]\TU/lmtt/m/n/10.53937 ## (Intercept)                             -0.025154   
0.097429  -0.258   0.7963[] 
 []


Overfull \hbox (97.65355pt too wide) in paragraph at lines 1376--1376
[]\TU/lmtt/m/n/10.53937 ## scale(df2$SNS_t, center = T, scale = T)  0.358475   
0.029747  12.051  < 2e-16[] 
 []


Overfull \hbox (97.65367pt too wide) in paragraph at lines 1376--1376
[]\TU/lmtt/m/n/10.53937 ## male                                     0.296848   
0.058774   5.051 5.22e-07[] 
 []


Overfull \hbox (97.65363pt too wide) in paragraph at lines 1376--1376
[]\TU/lmtt/m/n/10.53937 ## freshman                                -0.167337   
0.101808  -1.644   0.1006[] 
 []


Overfull \hbox (97.65361pt too wide) in paragraph at lines 1376--1376
[]\TU/lmtt/m/n/10.53937 ## sophomore                               -0.162217   
0.097615  -1.662   0.0969[] 
 []


Overfull \hbox (97.65363pt too wide) in paragraph at lines 1376--1376
[]\TU/lmtt/m/n/10.53937 ## junior                                  -0.006031   
0.112142  -0.054   0.9571[] 
 []


Overfull \hbox (97.65366pt too wide) in paragraph at lines 1376--1376
[]\TU/lmtt/m/n/10.53937 ## public                                   0.015548   
0.064329   0.242   0.8091[] 
 []


Overfull \hbox (14.65605pt too wide) in paragraph at lines 1376--1376
[]\TU/lmtt/m/n/10.53937 ## Signif. codes:  0 []***[] 0.001 []**[] 0.01 []*[] 0.
05 [].[] 0.1 [] [] 1[] 
 []


Overfull \hbox (69.98769pt too wide) in paragraph at lines 1418--1418
[]\TU/lmtt/m/n/10.53937 ## lm(formula = scale(df2$EIB_t, center = T, scale = T)
 ~ scale(df2$CSES_t,[] 
 []


Overfull \hbox (42.32188pt too wide) in paragraph at lines 1418--1418
[]\TU/lmtt/m/n/10.53937 ##     center = T, scale = T) + male + freshman + sopho
more + junior +[] 
 []

[29]
Overfull \hbox (97.65369pt too wide) in paragraph at lines 1418--1418
[]\TU/lmtt/m/n/10.53937 ##                                          Estimate St
d. Error t value Pr(>|t|)[] 
 []


Overfull \hbox (97.65363pt too wide) in paragraph at lines 1418--1418
[]\TU/lmtt/m/n/10.53937 ## (Intercept)                              -0.01592   
 0.06430  -0.248   0.8045[] 
 []


Overfull \hbox (97.65353pt too wide) in paragraph at lines 1418--1418
[]\TU/lmtt/m/n/10.53937 ## scale(df2$CSES_t, center = T, scale = T)  0.78483   
 0.01946  40.330   <2e-16[] 
 []


Overfull \hbox (97.65367pt too wide) in paragraph at lines 1418--1418
[]\TU/lmtt/m/n/10.53937 ## male                                      0.07349   
 0.03910   1.880   0.0604[] 
 []


Overfull \hbox (97.65364pt too wide) in paragraph at lines 1418--1418
[]\TU/lmtt/m/n/10.53937 ## freshman                                 -0.03387   
 0.06714  -0.504   0.6141[] 
 []


Overfull \hbox (97.65363pt too wide) in paragraph at lines 1418--1418
[]\TU/lmtt/m/n/10.53937 ## sophomore                                -0.07265   
 0.06454  -1.126   0.2605[] 
 []


Overfull \hbox (97.65364pt too wide) in paragraph at lines 1418--1418
[]\TU/lmtt/m/n/10.53937 ## junior                                   -0.01782   
 0.07406  -0.241   0.8099[] 
 []


Overfull \hbox (97.65366pt too wide) in paragraph at lines 1418--1418
[]\TU/lmtt/m/n/10.53937 ## public                                    0.05567   
 0.04223   1.318   0.1877[] 
 []


Overfull \hbox (14.65605pt too wide) in paragraph at lines 1418--1418
[]\TU/lmtt/m/n/10.53937 ## Signif. codes:  0 []***[] 0.001 []**[] 0.01 []*[] 0.
05 [].[] 0.1 [] [] 1[] 
 []


Overfull \hbox (64.45453pt too wide) in paragraph at lines 1462--1462
[]\TU/lmtt/m/n/10.53937 ## lm(formula = scale(df2$EIB_t, center = T, scale = T)
 ~ scale(df2$SNS_t,[] 
 []


Overfull \hbox (64.45456pt too wide) in paragraph at lines 1462--1462
[]\TU/lmtt/m/n/10.53937 ##     center = T, scale = T) + scale(df2$CSES_t, cente
r = T, scale = T) +[] 
 []


Overfull \hbox (14.65602pt too wide) in paragraph at lines 1462--1462
[]\TU/lmtt/m/n/10.53937 ##     male + freshman + sophomore + junior + public, d
ata = df2)[] 
 []

[30]
Overfull \hbox (97.65369pt too wide) in paragraph at lines 1462--1462
[]\TU/lmtt/m/n/10.53937 ##                                          Estimate St
d. Error t value Pr(>|t|)[] 
 []


Overfull \hbox (97.65363pt too wide) in paragraph at lines 1462--1462
[]\TU/lmtt/m/n/10.53937 ## (Intercept)                              -0.02280   
 0.06421  -0.355   0.7225[] 
 []


Overfull \hbox (97.65356pt too wide) in paragraph at lines 1462--1462
[]\TU/lmtt/m/n/10.53937 ## scale(df2$SNS_t, center = T, scale = T)   0.05048   
 0.02097   2.407   0.0163[] 
 []


Overfull \hbox (97.65353pt too wide) in paragraph at lines 1462--1462
[]\TU/lmtt/m/n/10.53937 ## scale(df2$CSES_t, center = T, scale = T)  0.76708   
 0.02077  36.938   <2e-16[] 
 []


Overfull \hbox (97.65367pt too wide) in paragraph at lines 1462--1462
[]\TU/lmtt/m/n/10.53937 ## male                                      0.08331   
 0.03922   2.124   0.0339[] 
 []


Overfull \hbox (97.65364pt too wide) in paragraph at lines 1462--1462
[]\TU/lmtt/m/n/10.53937 ## freshman                                 -0.02136   
 0.06718  -0.318   0.7506[] 
 []


Overfull \hbox (97.65363pt too wide) in paragraph at lines 1462--1462
[]\TU/lmtt/m/n/10.53937 ## sophomore                                -0.06772   
 0.06442  -1.051   0.2934[] 
 []


Overfull \hbox (97.65364pt too wide) in paragraph at lines 1462--1462
[]\TU/lmtt/m/n/10.53937 ## junior                                   -0.01431   
 0.07390  -0.194   0.8464[] 
 []


Overfull \hbox (97.65366pt too wide) in paragraph at lines 1462--1462
[]\TU/lmtt/m/n/10.53937 ## public                                    0.04434   
 0.04239   1.046   0.2958[] 
 []


Overfull \hbox (14.65605pt too wide) in paragraph at lines 1462--1462
[]\TU/lmtt/m/n/10.53937 ## Signif. codes:  0 []***[] 0.001 []**[] 0.01 []*[] 0.
05 [].[] 0.1 [] [] 1[] 
 []


Underfull \vbox (badness 10000) detected at line 1473
 []

[31] [32] [33]
Overfull \hbox (69.98775pt too wide) in paragraph at lines 1646--1646
[]\TU/lmtt/m/n/10.53937 ##                    Estimate  Std.Err  z-value  P(>|z
|) ci.lower ci.upper[] 
 []


Overfull \hbox (69.98778pt too wide) in paragraph at lines 1646--1646
[]\TU/lmtt/m/n/10.53937 ##     CSES_t    (b1)    0.967    0.029   33.205    0.0
00    0.908    1.023[] 
 []


Overfull \hbox (69.9878pt too wide) in paragraph at lines 1646--1646
[]\TU/lmtt/m/n/10.53937 ##     SNS_t   (cdsh)    0.376    0.170    2.209    0.0
27    0.038    0.707[] 
 []


Overfull \hbox (69.98782pt too wide) in paragraph at lines 1646--1646
[]\TU/lmtt/m/n/10.53937 ##     male              0.492    0.225    2.186    0.0
29    0.049    0.929[] 
 []


Overfull \hbox (69.9878pt too wide) in paragraph at lines 1646--1646
[]\TU/lmtt/m/n/10.53937 ##     public            0.262    0.253    1.036    0.3
00   -0.234    0.761[] 
 []


Overfull \hbox (69.98776pt too wide) in paragraph at lines 1646--1646
[]\TU/lmtt/m/n/10.53937 ##     freshmn          -0.126    0.384   -0.328    0.7
43   -0.874    0.617[] 
 []


Overfull \hbox (69.98776pt too wide) in paragraph at lines 1646--1646
[]\TU/lmtt/m/n/10.53937 ##     sophomr          -0.400    0.372   -1.075    0.2
82   -1.127    0.316[] 
 []


Overfull \hbox (69.98776pt too wide) in paragraph at lines 1646--1646
[]\TU/lmtt/m/n/10.53937 ##     junior           -0.084    0.451   -0.188    0.8
51   -0.957    0.798[] 
 []


Overfull \hbox (69.98781pt too wide) in paragraph at lines 1646--1646
[]\TU/lmtt/m/n/10.53937 ##     SNS_t     (a1)    1.704    0.178    9.593    0.0
00    1.363    2.055[] 
 []


Overfull \hbox (69.98778pt too wide) in paragraph at lines 1646--1646
[]\TU/lmtt/m/n/10.53937 ##     cnt_SES   (a2)    0.468    0.030   15.622    0.0
00    0.408    0.526[] 
 []


Overfull \hbox (69.98773pt too wide) in paragraph at lines 1646--1646
[]\TU/lmtt/m/n/10.53937 ##     intr_rw   (a3)   -0.073    0.036   -2.008    0.0
45   -0.147   -0.005[] 
 []


Overfull \hbox (69.98782pt too wide) in paragraph at lines 1646--1646
[]\TU/lmtt/m/n/10.53937 ##     male              1.107    0.242    4.569    0.0
00    0.635    1.589[] 
 []


Overfull \hbox (69.98776pt too wide) in paragraph at lines 1646--1646
[]\TU/lmtt/m/n/10.53937 ##     public           -0.022    0.263   -0.083    0.9
34   -0.547    0.497[] 
 []

[34]
Overfull \hbox (69.98776pt too wide) in paragraph at lines 1646--1646
[]\TU/lmtt/m/n/10.53937 ##     freshmn          -0.602    0.432   -1.392    0.1
64   -1.467    0.231[] 
 []


Overfull \hbox (69.98776pt too wide) in paragraph at lines 1646--1646
[]\TU/lmtt/m/n/10.53937 ##     sophomr          -0.182    0.428   -0.427    0.6
70   -1.033    0.635[] 
 []


Overfull \hbox (69.98776pt too wide) in paragraph at lines 1646--1646
[]\TU/lmtt/m/n/10.53937 ##     junior           -0.108    0.472   -0.230    0.8
18   -1.040    0.817[] 
 []


Overfull \hbox (69.98775pt too wide) in paragraph at lines 1646--1646
[]\TU/lmtt/m/n/10.53937 ##                    Estimate  Std.Err  z-value  P(>|z
|) ci.lower ci.upper[] 
 []


Overfull \hbox (69.98775pt too wide) in paragraph at lines 1646--1646
[]\TU/lmtt/m/n/10.53937 ##    .EIB_t            12.784    0.757   16.881    0.0
00   11.230   14.198[] 
 []


Overfull \hbox (69.98775pt too wide) in paragraph at lines 1646--1646
[]\TU/lmtt/m/n/10.53937 ##    .CSES_t           14.362    0.651   22.070    0.0
00   12.942   15.481[] 
 []

[35]
Overfull \hbox (69.98775pt too wide) in paragraph at lines 1646--1646
[]\TU/lmtt/m/n/10.53937 ##                    Estimate  Std.Err  z-value  P(>|z
|) ci.lower ci.upper[] 
 []


Overfull \hbox (69.98781pt too wide) in paragraph at lines 1646--1646
[]\TU/lmtt/m/n/10.53937 ##     ind_low           1.960    0.260    7.533    0.0
00    1.468    2.474[] 
 []


Overfull \hbox (69.98781pt too wide) in paragraph at lines 1646--1646
[]\TU/lmtt/m/n/10.53937 ##     ind_med           1.647    0.185    8.888    0.0
00    1.299    2.017[] 
 []


Overfull \hbox (69.98781pt too wide) in paragraph at lines 1646--1646
[]\TU/lmtt/m/n/10.53937 ##     ind_high          1.334    0.224    5.965    0.0
00    0.896    1.760[] 
 []


Overfull \hbox (69.98776pt too wide) in paragraph at lines 1646--1646
[]\TU/lmtt/m/n/10.53937 ##     dif1             -0.313    0.157   -1.996    0.0
46   -0.637   -0.021[] 
 []


Overfull \hbox (69.98776pt too wide) in paragraph at lines 1646--1646
[]\TU/lmtt/m/n/10.53937 ##     dif2             -0.625    0.313   -1.996    0.0
46   -1.273   -0.042[] 
 []


Overfull \hbox (69.98776pt too wide) in paragraph at lines 1646--1646
[]\TU/lmtt/m/n/10.53937 ##     dif3             -0.313    0.157   -1.996    0.0
46   -0.637   -0.021[] 
 []


Overfull \hbox (69.98776pt too wide) in paragraph at lines 1646--1646
[]\TU/lmtt/m/n/10.53937 ##     imm              -0.070    0.035   -1.996    0.0
46   -0.143   -0.005[] 
 []


Overfull \hbox (69.98781pt too wide) in paragraph at lines 1646--1646
[]\TU/lmtt/m/n/10.53937 ##     direct            0.376    0.170    2.209    0.0
27    0.038    0.707[] 
 []


Overfull \hbox (69.9878pt too wide) in paragraph at lines 1646--1646
[]\TU/lmtt/m/n/10.53937 ##     total_low         2.335    0.314    7.434    0.0
00    1.731    2.945[] 
 []


Overfull \hbox (69.9878pt too wide) in paragraph at lines 1646--1646
[]\TU/lmtt/m/n/10.53937 ##     total_med         2.023    0.243    8.339    0.0
00    1.550    2.493[] 
 []


Overfull \hbox (69.9878pt too wide) in paragraph at lines 1646--1646
[]\TU/lmtt/m/n/10.53937 ##     total_high        1.710    0.261    6.556    0.0
00    1.191    2.200[] 
 []

[36]
Overfull \hbox (3.58968pt too wide) in paragraph at lines 1701--1701
[]\TU/lmtt/m/n/10.53937 ## lm(formula = CSES_t ~ center_SES * SNS_t + male + fr
eshman +[] 
 []


Overfull \hbox (14.65605pt too wide) in paragraph at lines 1701--1701
[]\TU/lmtt/m/n/10.53937 ## Signif. codes:  0 []***[] 0.001 []**[] 0.01 []*[] 0.
05 [].[] 0.1 [] [] 1[] 
 []

[37]
Overfull \hbox (42.32187pt too wide) in paragraph at lines 1737--1737
[]\TU/lmtt/m/n/10.53937 ## lm(formula = EIB_t ~ SNS_t + CSES_t + male + freshma
n + sophomore +[] 
 []


Overfull \hbox (14.65605pt too wide) in paragraph at lines 1737--1737
[]\TU/lmtt/m/n/10.53937 ## Signif. codes:  0 []***[] 0.001 []**[] 0.01 []*[] 0.
05 [].[] 0.1 [] [] 1[] 
 []

[38] [39]
Underfull \vbox (badness 10000) detected at line 1846
 []


Underfull \vbox (badness 10000) detected at line 1846
 []

[40]
File: 分析报告_files/figure-latex/unnamed-chunk-50-1.pdf Graphic file (type pdf)
<use 分析报告_files/figure-latex/unnamed-chunk-50-1.pdf>
[41] (./分析报告.aux)

LaTeX Font Warning: Some font shapes were not available, defaults substituted.

 ) 
Here is how much of TeX's memory you used:
 21025 strings out of 476919
 410253 string characters out of 5821839
 881563 words of memory out of 5000000
 40665 multiletter control sequences out of 15000+600000
 410041 words of font info for 100 fonts, out of 8000000 for 9000
 1348 hyphenation exceptions out of 8191
 101i,6n,123p,525b,895s stack positions out of 5000i,500n,10000p,200000b,80000s

Output written on 分析报告.pdf (41 pages).
